2022-03-15 12:03:39.814 INFO  [acme.Launcher@main] Starting Launcher using Java 1.8.0_281 on DESKTOP-JBVJ5AP with PID 12908 (C:\Users\pepe_\OneDrive\Escritorio\Workspace-22.0\Frameworks\Acme-Framework-22.1\target\classes started by pepe_ in C:\Users\pepe_\OneDrive\Escritorio\Workspace-22.0\Projects\Acme-Toolkits) 
2022-03-15 12:03:39.816 DEBUG [acme.Launcher@main] Running with Spring Boot v2.4.2, Spring v5.3.3 
2022-03-15 12:03:39.817 INFO  [acme.Launcher@main] The following profiles are active: development,populator 
2022-03-15 12:03:43.004 DEBUG [org.apache.jasper.servlet.JasperInitializer@main] Initializing Jasper for context [application] 
2022-03-15 12:03:48.258 DEBUG [org.apache.jasper.servlet.JspServlet@main] Scratch dir for the JSP engine is: [C:\Users\pepe_\AppData\Local\Temp\tomcat.8083.4422036250801250279\work\Tomcat\localhost\acme-toolkits-22.1] 
2022-03-15 12:03:48.258 DEBUG [org.apache.jasper.servlet.JspServlet@main] IMPORTANT: Do not modify the generated servlets 
2022-03-15 12:03:48.269 INFO  [acme.Launcher@main] Started Launcher in 9.278 seconds (JVM running for 10.114) 
2022-03-15 12:03:48.276 DEBUG [acme.Launcher@main] Found classpath entry '/C:/Users/pepe_/OneDrive/Escritorio/Workspace-22.0/Projects/Acme-Toolkits/target/test-classes/' 
2022-03-15 12:03:48.276 DEBUG [acme.Launcher@main] Found classpath entry '/C:/Users/pepe_/OneDrive/Escritorio/Workspace-22.0/Projects/Acme-Toolkits/target/classes/' 
2022-03-15 12:03:48.276 DEBUG [acme.Launcher@main] Found classpath entry '/C:/Users/pepe_/OneDrive/Escritorio/Workspace-22.0/Frameworks/Acme-Framework-22.1/target/classes/' 
2022-03-15 12:03:48.277 DEBUG [acme.Launcher@main] Found classpath entry '/C:/Users/pepe_/OneDrive/Escritorio/Workspace-22.0/Frameworks/Acme-Framework-22.1/target/test-classes/' 
2022-03-15 12:03:48.277 DEBUG [acme.Launcher@main] Found classpath entry '/C:/Users/pepe_/.m2/repository/org/springframework/boot/spring-boot-starter-tomcat/2.4.2/spring-boot-starter-tomcat-2.4.2.jar' 
2022-03-15 12:03:48.277 DEBUG [acme.Launcher@main] Found classpath entry '/C:/Users/pepe_/.m2/repository/jakarta/annotation/jakarta.annotation-api/1.3.5/jakarta.annotation-api-1.3.5.jar' 
2022-03-15 12:03:48.278 DEBUG [acme.Launcher@main] Found classpath entry '/C:/Users/pepe_/.m2/repository/org/apache/tomcat/embed/tomcat-embed-core/9.0.41/tomcat-embed-core-9.0.41.jar' 
2022-03-15 12:03:48.278 DEBUG [acme.Launcher@main] Found classpath entry '/C:/Users/pepe_/.m2/repository/org/glassfish/jakarta.el/3.0.3/jakarta.el-3.0.3.jar' 
2022-03-15 12:03:48.278 DEBUG [acme.Launcher@main] Found classpath entry '/C:/Users/pepe_/.m2/repository/org/apache/tomcat/embed/tomcat-embed-websocket/9.0.41/tomcat-embed-websocket-9.0.41.jar' 
2022-03-15 12:03:48.278 DEBUG [acme.Launcher@main] Found classpath entry '/C:/Users/pepe_/.m2/repository/org/apache/tomcat/embed/tomcat-embed-jasper/9.0.41/tomcat-embed-jasper-9.0.41.jar' 
2022-03-15 12:03:48.278 DEBUG [acme.Launcher@main] Found classpath entry '/C:/Users/pepe_/.m2/repository/org/apache/tomcat/embed/tomcat-embed-el/9.0.41/tomcat-embed-el-9.0.41.jar' 
2022-03-15 12:03:48.279 DEBUG [acme.Launcher@main] Found classpath entry '/C:/Users/pepe_/.m2/repository/org/eclipse/jdt/ecj/3.18.0/ecj-3.18.0.jar' 
2022-03-15 12:03:48.279 DEBUG [acme.Launcher@main] Found classpath entry '/C:/Users/pepe_/.m2/repository/javax/servlet/jstl/1.2/jstl-1.2.jar' 
2022-03-15 12:03:48.279 DEBUG [acme.Launcher@main] Found classpath entry '/C:/Users/pepe_/.m2/repository/org/springframework/boot/spring-boot-starter-test/2.4.2/spring-boot-starter-test-2.4.2.jar' 
2022-03-15 12:03:48.279 DEBUG [acme.Launcher@main] Found classpath entry '/C:/Users/pepe_/.m2/repository/org/springframework/boot/spring-boot-starter/2.4.2/spring-boot-starter-2.4.2.jar' 
2022-03-15 12:03:48.279 DEBUG [acme.Launcher@main] Found classpath entry '/C:/Users/pepe_/.m2/repository/org/springframework/boot/spring-boot/2.4.2/spring-boot-2.4.2.jar' 
2022-03-15 12:03:48.279 DEBUG [acme.Launcher@main] Found classpath entry '/C:/Users/pepe_/.m2/repository/org/springframework/boot/spring-boot-autoconfigure/2.4.2/spring-boot-autoconfigure-2.4.2.jar' 
2022-03-15 12:03:48.280 DEBUG [acme.Launcher@main] Found classpath entry '/C:/Users/pepe_/.m2/repository/org/springframework/boot/spring-boot-starter-logging/2.4.2/spring-boot-starter-logging-2.4.2.jar' 
2022-03-15 12:03:48.280 DEBUG [acme.Launcher@main] Found classpath entry '/C:/Users/pepe_/.m2/repository/ch/qos/logback/logback-classic/1.2.3/logback-classic-1.2.3.jar' 
2022-03-15 12:03:48.280 DEBUG [acme.Launcher@main] Found classpath entry '/C:/Users/pepe_/.m2/repository/ch/qos/logback/logback-core/1.2.3/logback-core-1.2.3.jar' 
2022-03-15 12:03:48.280 DEBUG [acme.Launcher@main] Found classpath entry '/C:/Users/pepe_/.m2/repository/org/apache/logging/log4j/log4j-to-slf4j/2.13.3/log4j-to-slf4j-2.13.3.jar' 
2022-03-15 12:03:48.280 DEBUG [acme.Launcher@main] Found classpath entry '/C:/Users/pepe_/.m2/repository/org/apache/logging/log4j/log4j-api/2.13.3/log4j-api-2.13.3.jar' 
2022-03-15 12:03:48.281 DEBUG [acme.Launcher@main] Found classpath entry '/C:/Users/pepe_/.m2/repository/org/slf4j/jul-to-slf4j/1.7.30/jul-to-slf4j-1.7.30.jar' 
2022-03-15 12:03:48.281 DEBUG [acme.Launcher@main] Found classpath entry '/C:/Users/pepe_/.m2/repository/org/yaml/snakeyaml/1.27/snakeyaml-1.27.jar' 
2022-03-15 12:03:48.281 DEBUG [acme.Launcher@main] Found classpath entry '/C:/Users/pepe_/.m2/repository/org/springframework/boot/spring-boot-test/2.4.2/spring-boot-test-2.4.2.jar' 
2022-03-15 12:03:48.281 DEBUG [acme.Launcher@main] Found classpath entry '/C:/Users/pepe_/.m2/repository/org/springframework/boot/spring-boot-test-autoconfigure/2.4.2/spring-boot-test-autoconfigure-2.4.2.jar' 
2022-03-15 12:03:48.281 DEBUG [acme.Launcher@main] Found classpath entry '/C:/Users/pepe_/.m2/repository/com/jayway/jsonpath/json-path/2.4.0/json-path-2.4.0.jar' 
2022-03-15 12:03:48.281 DEBUG [acme.Launcher@main] Found classpath entry '/C:/Users/pepe_/.m2/repository/net/minidev/json-smart/2.3/json-smart-2.3.jar' 
2022-03-15 12:03:48.281 DEBUG [acme.Launcher@main] Found classpath entry '/C:/Users/pepe_/.m2/repository/net/minidev/accessors-smart/1.2/accessors-smart-1.2.jar' 
2022-03-15 12:03:48.282 DEBUG [acme.Launcher@main] Found classpath entry '/C:/Users/pepe_/.m2/repository/org/ow2/asm/asm/5.0.4/asm-5.0.4.jar' 
2022-03-15 12:03:48.282 DEBUG [acme.Launcher@main] Found classpath entry '/C:/Users/pepe_/.m2/repository/jakarta/xml/bind/jakarta.xml.bind-api/2.3.3/jakarta.xml.bind-api-2.3.3.jar' 
2022-03-15 12:03:48.282 DEBUG [acme.Launcher@main] Found classpath entry '/C:/Users/pepe_/.m2/repository/jakarta/activation/jakarta.activation-api/1.2.2/jakarta.activation-api-1.2.2.jar' 
2022-03-15 12:03:48.282 DEBUG [acme.Launcher@main] Found classpath entry '/C:/Users/pepe_/.m2/repository/org/assertj/assertj-core/3.18.1/assertj-core-3.18.1.jar' 
2022-03-15 12:03:48.282 DEBUG [acme.Launcher@main] Found classpath entry '/C:/Users/pepe_/.m2/repository/org/hamcrest/hamcrest/2.2/hamcrest-2.2.jar' 
2022-03-15 12:03:48.282 DEBUG [acme.Launcher@main] Found classpath entry '/C:/Users/pepe_/.m2/repository/org/junit/jupiter/junit-jupiter/5.7.0/junit-jupiter-5.7.0.jar' 
2022-03-15 12:03:48.283 DEBUG [acme.Launcher@main] Found classpath entry '/C:/Users/pepe_/.m2/repository/org/mockito/mockito-core/3.6.28/mockito-core-3.6.28.jar' 
2022-03-15 12:03:48.283 DEBUG [acme.Launcher@main] Found classpath entry '/C:/Users/pepe_/.m2/repository/net/bytebuddy/byte-buddy-agent/1.10.19/byte-buddy-agent-1.10.19.jar' 
2022-03-15 12:03:48.283 DEBUG [acme.Launcher@main] Found classpath entry '/C:/Users/pepe_/.m2/repository/org/objenesis/objenesis/3.1/objenesis-3.1.jar' 
2022-03-15 12:03:48.283 DEBUG [acme.Launcher@main] Found classpath entry '/C:/Users/pepe_/.m2/repository/org/mockito/mockito-junit-jupiter/3.6.28/mockito-junit-jupiter-3.6.28.jar' 
2022-03-15 12:03:48.283 DEBUG [acme.Launcher@main] Found classpath entry '/C:/Users/pepe_/.m2/repository/org/skyscreamer/jsonassert/1.5.0/jsonassert-1.5.0.jar' 
2022-03-15 12:03:48.283 DEBUG [acme.Launcher@main] Found classpath entry '/C:/Users/pepe_/.m2/repository/com/vaadin/external/google/android-json/0.0.20131108.vaadin1/android-json-0.0.20131108.vaadin1.jar' 
2022-03-15 12:03:48.284 DEBUG [acme.Launcher@main] Found classpath entry '/C:/Users/pepe_/.m2/repository/org/springframework/spring-core/5.3.3/spring-core-5.3.3.jar' 
2022-03-15 12:03:48.284 DEBUG [acme.Launcher@main] Found classpath entry '/C:/Users/pepe_/.m2/repository/org/springframework/spring-jcl/5.3.3/spring-jcl-5.3.3.jar' 
2022-03-15 12:03:48.284 DEBUG [acme.Launcher@main] Found classpath entry '/C:/Users/pepe_/.m2/repository/org/springframework/spring-test/5.3.3/spring-test-5.3.3.jar' 
2022-03-15 12:03:48.284 DEBUG [acme.Launcher@main] Found classpath entry '/C:/Users/pepe_/.m2/repository/org/xmlunit/xmlunit-core/2.7.0/xmlunit-core-2.7.0.jar' 
2022-03-15 12:03:48.284 DEBUG [acme.Launcher@main] Found classpath entry '/C:/Users/pepe_/.m2/repository/org/springframework/boot/spring-boot-starter-security/2.4.2/spring-boot-starter-security-2.4.2.jar' 
2022-03-15 12:03:48.284 DEBUG [acme.Launcher@main] Found classpath entry '/C:/Users/pepe_/.m2/repository/org/springframework/spring-aop/5.3.3/spring-aop-5.3.3.jar' 
2022-03-15 12:03:48.285 DEBUG [acme.Launcher@main] Found classpath entry '/C:/Users/pepe_/.m2/repository/org/springframework/security/spring-security-web/5.4.2/spring-security-web-5.4.2.jar' 
2022-03-15 12:03:48.285 DEBUG [acme.Launcher@main] Found classpath entry '/C:/Users/pepe_/.m2/repository/org/springframework/security/spring-security-core/5.4.2/spring-security-core-5.4.2.jar' 
2022-03-15 12:03:48.285 DEBUG [acme.Launcher@main] Found classpath entry '/C:/Users/pepe_/.m2/repository/org/springframework/spring-beans/5.3.3/spring-beans-5.3.3.jar' 
2022-03-15 12:03:48.285 DEBUG [acme.Launcher@main] Found classpath entry '/C:/Users/pepe_/.m2/repository/org/springframework/spring-context/5.3.3/spring-context-5.3.3.jar' 
2022-03-15 12:03:48.285 DEBUG [acme.Launcher@main] Found classpath entry '/C:/Users/pepe_/.m2/repository/org/springframework/spring-expression/5.3.3/spring-expression-5.3.3.jar' 
2022-03-15 12:03:48.285 DEBUG [acme.Launcher@main] Found classpath entry '/C:/Users/pepe_/.m2/repository/org/springframework/spring-web/5.3.3/spring-web-5.3.3.jar' 
2022-03-15 12:03:48.286 DEBUG [acme.Launcher@main] Found classpath entry '/C:/Users/pepe_/.m2/repository/org/springframework/security/spring-security-config/5.4.2/spring-security-config-5.4.2.jar' 
2022-03-15 12:03:48.286 DEBUG [acme.Launcher@main] Found classpath entry '/C:/Users/pepe_/.m2/repository/org/springframework/security/spring-security-taglibs/5.4.2/spring-security-taglibs-5.4.2.jar' 
2022-03-15 12:03:48.286 DEBUG [acme.Launcher@main] Found classpath entry '/C:/Users/pepe_/.m2/repository/org/springframework/security/spring-security-acl/5.4.2/spring-security-acl-5.4.2.jar' 
2022-03-15 12:03:48.286 DEBUG [acme.Launcher@main] Found classpath entry '/C:/Users/pepe_/.m2/repository/org/springframework/spring-jdbc/5.3.3/spring-jdbc-5.3.3.jar' 
2022-03-15 12:03:48.286 DEBUG [acme.Launcher@main] Found classpath entry '/C:/Users/pepe_/.m2/repository/org/springframework/spring-tx/5.3.3/spring-tx-5.3.3.jar' 
2022-03-15 12:03:48.286 DEBUG [acme.Launcher@main] Found classpath entry '/C:/Users/pepe_/.m2/repository/org/springframework/boot/spring-boot-starter-web/2.4.2/spring-boot-starter-web-2.4.2.jar' 
2022-03-15 12:03:48.287 DEBUG [acme.Launcher@main] Found classpath entry '/C:/Users/pepe_/.m2/repository/org/springframework/boot/spring-boot-starter-json/2.4.2/spring-boot-starter-json-2.4.2.jar' 
2022-03-15 12:03:48.287 DEBUG [acme.Launcher@main] Found classpath entry '/C:/Users/pepe_/.m2/repository/com/fasterxml/jackson/core/jackson-databind/2.11.4/jackson-databind-2.11.4.jar' 
2022-03-15 12:03:48.287 DEBUG [acme.Launcher@main] Found classpath entry '/C:/Users/pepe_/.m2/repository/com/fasterxml/jackson/core/jackson-annotations/2.11.4/jackson-annotations-2.11.4.jar' 
2022-03-15 12:03:48.287 DEBUG [acme.Launcher@main] Found classpath entry '/C:/Users/pepe_/.m2/repository/com/fasterxml/jackson/core/jackson-core/2.11.4/jackson-core-2.11.4.jar' 
2022-03-15 12:03:48.287 DEBUG [acme.Launcher@main] Found classpath entry '/C:/Users/pepe_/.m2/repository/com/fasterxml/jackson/datatype/jackson-datatype-jdk8/2.11.4/jackson-datatype-jdk8-2.11.4.jar' 
2022-03-15 12:03:48.287 DEBUG [acme.Launcher@main] Found classpath entry '/C:/Users/pepe_/.m2/repository/com/fasterxml/jackson/datatype/jackson-datatype-jsr310/2.11.4/jackson-datatype-jsr310-2.11.4.jar' 
2022-03-15 12:03:48.287 DEBUG [acme.Launcher@main] Found classpath entry '/C:/Users/pepe_/.m2/repository/com/fasterxml/jackson/module/jackson-module-parameter-names/2.11.4/jackson-module-parameter-names-2.11.4.jar' 
2022-03-15 12:03:48.288 DEBUG [acme.Launcher@main] Found classpath entry '/C:/Users/pepe_/.m2/repository/org/springframework/spring-webmvc/5.3.3/spring-webmvc-5.3.3.jar' 
2022-03-15 12:03:48.288 DEBUG [acme.Launcher@main] Found classpath entry '/C:/Users/pepe_/.m2/repository/org/apache/tiles/tiles-jsp/3.0.8/tiles-jsp-3.0.8.jar' 
2022-03-15 12:03:48.288 DEBUG [acme.Launcher@main] Found classpath entry '/C:/Users/pepe_/.m2/repository/org/apache/tiles/tiles-servlet/3.0.8/tiles-servlet-3.0.8.jar' 
2022-03-15 12:03:48.288 DEBUG [acme.Launcher@main] Found classpath entry '/C:/Users/pepe_/.m2/repository/org/apache/tiles/tiles-core/3.0.8/tiles-core-3.0.8.jar' 
2022-03-15 12:03:48.288 DEBUG [acme.Launcher@main] Found classpath entry '/C:/Users/pepe_/.m2/repository/commons-digester/commons-digester/2.0/commons-digester-2.0.jar' 
2022-03-15 12:03:48.288 DEBUG [acme.Launcher@main] Found classpath entry '/C:/Users/pepe_/.m2/repository/org/slf4j/jcl-over-slf4j/1.7.30/jcl-over-slf4j-1.7.30.jar' 
2022-03-15 12:03:48.288 DEBUG [acme.Launcher@main] Found classpath entry '/C:/Users/pepe_/.m2/repository/org/apache/tiles/tiles-request-servlet/1.0.7/tiles-request-servlet-1.0.7.jar' 
2022-03-15 12:03:48.289 DEBUG [acme.Launcher@main] Found classpath entry '/C:/Users/pepe_/.m2/repository/org/apache/tiles/tiles-template/3.0.8/tiles-template-3.0.8.jar' 
2022-03-15 12:03:48.289 DEBUG [acme.Launcher@main] Found classpath entry '/C:/Users/pepe_/.m2/repository/org/apache/tiles/tiles-api/3.0.8/tiles-api-3.0.8.jar' 
2022-03-15 12:03:48.289 DEBUG [acme.Launcher@main] Found classpath entry '/C:/Users/pepe_/.m2/repository/org/apache/tiles/tiles-autotag-core-runtime/1.2/tiles-autotag-core-runtime-1.2.jar' 
2022-03-15 12:03:48.289 DEBUG [acme.Launcher@main] Found classpath entry '/C:/Users/pepe_/.m2/repository/org/slf4j/slf4j-api/1.7.30/slf4j-api-1.7.30.jar' 
2022-03-15 12:03:48.289 DEBUG [acme.Launcher@main] Found classpath entry '/C:/Users/pepe_/.m2/repository/org/apache/tiles/tiles-request-jsp/1.0.7/tiles-request-jsp-1.0.7.jar' 
2022-03-15 12:03:48.289 DEBUG [acme.Launcher@main] Found classpath entry '/C:/Users/pepe_/.m2/repository/org/apache/tiles/tiles-request-api/1.0.7/tiles-request-api-1.0.7.jar' 
2022-03-15 12:03:48.289 DEBUG [acme.Launcher@main] Found classpath entry '/C:/Users/pepe_/.m2/repository/org/springframework/boot/spring-boot-starter-data-jpa/2.4.2/spring-boot-starter-data-jpa-2.4.2.jar' 
2022-03-15 12:03:48.290 DEBUG [acme.Launcher@main] Found classpath entry '/C:/Users/pepe_/.m2/repository/org/springframework/boot/spring-boot-starter-aop/2.4.2/spring-boot-starter-aop-2.4.2.jar' 
2022-03-15 12:03:48.290 DEBUG [acme.Launcher@main] Found classpath entry '/C:/Users/pepe_/.m2/repository/org/aspectj/aspectjweaver/1.9.6/aspectjweaver-1.9.6.jar' 
2022-03-15 12:03:48.290 DEBUG [acme.Launcher@main] Found classpath entry '/C:/Users/pepe_/.m2/repository/org/springframework/boot/spring-boot-starter-jdbc/2.4.2/spring-boot-starter-jdbc-2.4.2.jar' 
2022-03-15 12:03:48.290 DEBUG [acme.Launcher@main] Found classpath entry '/C:/Users/pepe_/.m2/repository/jakarta/transaction/jakarta.transaction-api/1.3.3/jakarta.transaction-api-1.3.3.jar' 
2022-03-15 12:03:48.290 DEBUG [acme.Launcher@main] Found classpath entry '/C:/Users/pepe_/.m2/repository/jakarta/persistence/jakarta.persistence-api/2.2.3/jakarta.persistence-api-2.2.3.jar' 
2022-03-15 12:03:48.290 DEBUG [acme.Launcher@main] Found classpath entry '/C:/Users/pepe_/.m2/repository/org/hibernate/hibernate-core/5.4.27.Final/hibernate-core-5.4.27.Final.jar' 
2022-03-15 12:03:48.291 DEBUG [acme.Launcher@main] Found classpath entry '/C:/Users/pepe_/.m2/repository/org/jboss/logging/jboss-logging/3.4.1.Final/jboss-logging-3.4.1.Final.jar' 
2022-03-15 12:03:48.291 DEBUG [acme.Launcher@main] Found classpath entry '/C:/Users/pepe_/.m2/repository/org/javassist/javassist/3.27.0-GA/javassist-3.27.0-GA.jar' 
2022-03-15 12:03:48.291 DEBUG [acme.Launcher@main] Found classpath entry '/C:/Users/pepe_/.m2/repository/antlr/antlr/2.7.7/antlr-2.7.7.jar' 
2022-03-15 12:03:48.291 DEBUG [acme.Launcher@main] Found classpath entry '/C:/Users/pepe_/.m2/repository/org/jboss/jandex/2.1.3.Final/jandex-2.1.3.Final.jar' 
2022-03-15 12:03:48.291 DEBUG [acme.Launcher@main] Found classpath entry '/C:/Users/pepe_/.m2/repository/com/fasterxml/classmate/1.5.1/classmate-1.5.1.jar' 
2022-03-15 12:03:48.291 DEBUG [acme.Launcher@main] Found classpath entry '/C:/Users/pepe_/.m2/repository/org/dom4j/dom4j/2.1.3/dom4j-2.1.3.jar' 
2022-03-15 12:03:48.291 DEBUG [acme.Launcher@main] Found classpath entry '/C:/Users/pepe_/.m2/repository/org/hibernate/common/hibernate-commons-annotations/5.1.2.Final/hibernate-commons-annotations-5.1.2.Final.jar' 
2022-03-15 12:03:48.292 DEBUG [acme.Launcher@main] Found classpath entry '/C:/Users/pepe_/.m2/repository/org/glassfish/jaxb/jaxb-runtime/2.3.3/jaxb-runtime-2.3.3.jar' 
2022-03-15 12:03:48.292 DEBUG [acme.Launcher@main] Found classpath entry '/C:/Users/pepe_/.m2/repository/org/glassfish/jaxb/txw2/2.3.3/txw2-2.3.3.jar' 
2022-03-15 12:03:48.292 DEBUG [acme.Launcher@main] Found classpath entry '/C:/Users/pepe_/.m2/repository/com/sun/istack/istack-commons-runtime/3.0.11/istack-commons-runtime-3.0.11.jar' 
2022-03-15 12:03:48.292 DEBUG [acme.Launcher@main] Found classpath entry '/C:/Users/pepe_/.m2/repository/com/sun/activation/jakarta.activation/1.2.2/jakarta.activation-1.2.2.jar' 
2022-03-15 12:03:48.292 DEBUG [acme.Launcher@main] Found classpath entry '/C:/Users/pepe_/.m2/repository/org/springframework/data/spring-data-jpa/2.4.3/spring-data-jpa-2.4.3.jar' 
2022-03-15 12:03:48.292 DEBUG [acme.Launcher@main] Found classpath entry '/C:/Users/pepe_/.m2/repository/org/springframework/data/spring-data-commons/2.4.3/spring-data-commons-2.4.3.jar' 
2022-03-15 12:03:48.292 DEBUG [acme.Launcher@main] Found classpath entry '/C:/Users/pepe_/.m2/repository/org/springframework/spring-orm/5.3.3/spring-orm-5.3.3.jar' 
2022-03-15 12:03:48.293 DEBUG [acme.Launcher@main] Found classpath entry '/C:/Users/pepe_/.m2/repository/org/springframework/spring-aspects/5.3.3/spring-aspects-5.3.3.jar' 
2022-03-15 12:03:48.293 DEBUG [acme.Launcher@main] Found classpath entry '/C:/Users/pepe_/.m2/repository/org/springframework/boot/spring-boot-starter-validation/2.4.2/spring-boot-starter-validation-2.4.2.jar' 
2022-03-15 12:03:48.293 DEBUG [acme.Launcher@main] Found classpath entry '/C:/Users/pepe_/.m2/repository/org/hibernate/validator/hibernate-validator/6.1.7.Final/hibernate-validator-6.1.7.Final.jar' 
2022-03-15 12:03:48.293 DEBUG [acme.Launcher@main] Found classpath entry '/C:/Users/pepe_/.m2/repository/jakarta/validation/jakarta.validation-api/2.0.2/jakarta.validation-api-2.0.2.jar' 
2022-03-15 12:03:48.293 DEBUG [acme.Launcher@main] Found classpath entry '/C:/Users/pepe_/.m2/repository/mysql/mysql-connector-java/8.0.22/mysql-connector-java-8.0.22.jar' 
2022-03-15 12:03:48.293 DEBUG [acme.Launcher@main] Found classpath entry '/C:/Users/pepe_/.m2/repository/com/zaxxer/HikariCP/3.4.5/HikariCP-3.4.5.jar' 
2022-03-15 12:03:48.293 DEBUG [acme.Launcher@main] Found classpath entry '/C:/Users/pepe_/.m2/repository/org/junit/jupiter/junit-jupiter-engine/5.7.0/junit-jupiter-engine-5.7.0.jar' 
2022-03-15 12:03:48.294 DEBUG [acme.Launcher@main] Found classpath entry '/C:/Users/pepe_/.m2/repository/org/apiguardian/apiguardian-api/1.1.0/apiguardian-api-1.1.0.jar' 
2022-03-15 12:03:48.294 DEBUG [acme.Launcher@main] Found classpath entry '/C:/Users/pepe_/.m2/repository/org/junit/platform/junit-platform-engine/1.7.0/junit-platform-engine-1.7.0.jar' 
2022-03-15 12:03:48.294 DEBUG [acme.Launcher@main] Found classpath entry '/C:/Users/pepe_/.m2/repository/org/junit/jupiter/junit-jupiter-api/5.7.0/junit-jupiter-api-5.7.0.jar' 
2022-03-15 12:03:48.294 DEBUG [acme.Launcher@main] Found classpath entry '/C:/Users/pepe_/.m2/repository/org/opentest4j/opentest4j/1.2.0/opentest4j-1.2.0.jar' 
2022-03-15 12:03:48.294 DEBUG [acme.Launcher@main] Found classpath entry '/C:/Users/pepe_/.m2/repository/org/junit/platform/junit-platform-commons/1.7.0/junit-platform-commons-1.7.0.jar' 
2022-03-15 12:03:48.294 DEBUG [acme.Launcher@main] Found classpath entry '/C:/Users/pepe_/.m2/repository/org/junit/jupiter/junit-jupiter-params/5.7.0/junit-jupiter-params-5.7.0.jar' 
2022-03-15 12:03:48.294 DEBUG [acme.Launcher@main] Found classpath entry '/C:/Users/pepe_/.m2/repository/org/junit/platform/junit-platform-launcher/1.7.0/junit-platform-launcher-1.7.0.jar' 
2022-03-15 12:03:48.295 DEBUG [acme.Launcher@main] Found classpath entry '/C:/Users/pepe_/.m2/repository/org/seleniumhq/selenium/selenium-java/3.141.59/selenium-java-3.141.59.jar' 
2022-03-15 12:03:48.295 DEBUG [acme.Launcher@main] Found classpath entry '/C:/Users/pepe_/.m2/repository/org/seleniumhq/selenium/selenium-api/3.141.59/selenium-api-3.141.59.jar' 
2022-03-15 12:03:48.295 DEBUG [acme.Launcher@main] Found classpath entry '/C:/Users/pepe_/.m2/repository/org/seleniumhq/selenium/selenium-chrome-driver/3.141.59/selenium-chrome-driver-3.141.59.jar' 
2022-03-15 12:03:48.295 DEBUG [acme.Launcher@main] Found classpath entry '/C:/Users/pepe_/.m2/repository/org/seleniumhq/selenium/selenium-edge-driver/3.141.59/selenium-edge-driver-3.141.59.jar' 
2022-03-15 12:03:48.295 DEBUG [acme.Launcher@main] Found classpath entry '/C:/Users/pepe_/.m2/repository/org/seleniumhq/selenium/selenium-firefox-driver/3.141.59/selenium-firefox-driver-3.141.59.jar' 
2022-03-15 12:03:48.295 DEBUG [acme.Launcher@main] Found classpath entry '/C:/Users/pepe_/.m2/repository/org/seleniumhq/selenium/selenium-ie-driver/3.141.59/selenium-ie-driver-3.141.59.jar' 
2022-03-15 12:03:48.295 DEBUG [acme.Launcher@main] Found classpath entry '/C:/Users/pepe_/.m2/repository/org/seleniumhq/selenium/selenium-opera-driver/3.141.59/selenium-opera-driver-3.141.59.jar' 
2022-03-15 12:03:48.296 DEBUG [acme.Launcher@main] Found classpath entry '/C:/Users/pepe_/.m2/repository/org/seleniumhq/selenium/selenium-remote-driver/3.141.59/selenium-remote-driver-3.141.59.jar' 
2022-03-15 12:03:48.296 DEBUG [acme.Launcher@main] Found classpath entry '/C:/Users/pepe_/.m2/repository/org/seleniumhq/selenium/selenium-safari-driver/3.141.59/selenium-safari-driver-3.141.59.jar' 
2022-03-15 12:03:48.296 DEBUG [acme.Launcher@main] Found classpath entry '/C:/Users/pepe_/.m2/repository/org/seleniumhq/selenium/selenium-support/3.141.59/selenium-support-3.141.59.jar' 
2022-03-15 12:03:48.296 DEBUG [acme.Launcher@main] Found classpath entry '/C:/Users/pepe_/.m2/repository/net/bytebuddy/byte-buddy/1.10.19/byte-buddy-1.10.19.jar' 
2022-03-15 12:03:48.296 DEBUG [acme.Launcher@main] Found classpath entry '/C:/Users/pepe_/.m2/repository/org/apache/commons/commons-exec/1.3/commons-exec-1.3.jar' 
2022-03-15 12:03:48.296 DEBUG [acme.Launcher@main] Found classpath entry '/C:/Users/pepe_/.m2/repository/com/google/guava/guava/25.0-jre/guava-25.0-jre.jar' 
2022-03-15 12:03:48.296 DEBUG [acme.Launcher@main] Found classpath entry '/C:/Users/pepe_/.m2/repository/com/google/code/findbugs/jsr305/1.3.9/jsr305-1.3.9.jar' 
2022-03-15 12:03:48.297 DEBUG [acme.Launcher@main] Found classpath entry '/C:/Users/pepe_/.m2/repository/org/checkerframework/checker-compat-qual/2.0.0/checker-compat-qual-2.0.0.jar' 
2022-03-15 12:03:48.297 DEBUG [acme.Launcher@main] Found classpath entry '/C:/Users/pepe_/.m2/repository/com/google/errorprone/error_prone_annotations/2.1.3/error_prone_annotations-2.1.3.jar' 
2022-03-15 12:03:48.297 DEBUG [acme.Launcher@main] Found classpath entry '/C:/Users/pepe_/.m2/repository/com/google/j2objc/j2objc-annotations/1.1/j2objc-annotations-1.1.jar' 
2022-03-15 12:03:48.297 DEBUG [acme.Launcher@main] Found classpath entry '/C:/Users/pepe_/.m2/repository/org/codehaus/mojo/animal-sniffer-annotations/1.14/animal-sniffer-annotations-1.14.jar' 
2022-03-15 12:03:48.297 DEBUG [acme.Launcher@main] Found classpath entry '/C:/Users/pepe_/.m2/repository/com/squareup/okhttp3/okhttp/3.14.9/okhttp-3.14.9.jar' 
2022-03-15 12:03:48.297 DEBUG [acme.Launcher@main] Found classpath entry '/C:/Users/pepe_/.m2/repository/com/squareup/okio/okio/1.14.0/okio-1.14.0.jar' 
2022-03-15 12:03:48.297 DEBUG [acme.Launcher@main] Found classpath entry '/C:/Users/pepe_/.m2/repository/org/apache/commons/commons-lang3/3.11/commons-lang3-3.11.jar' 
2022-03-15 12:03:48.297 DEBUG [acme.Launcher@main] Found classpath entry '/C:/Users/pepe_/.m2/repository/org/apache/commons/commons-text/1.8/commons-text-1.8.jar' 
2022-03-15 12:03:48.297 DEBUG [acme.Launcher@main] Found classpath entry '/C:/Users/pepe_/.m2/repository/commons-io/commons-io/2.6/commons-io-2.6.jar' 
2022-03-15 12:03:48.298 DEBUG [acme.Launcher@main] Found classpath entry '/C:/Users/pepe_/.m2/repository/commons-cli/commons-cli/1.4/commons-cli-1.4.jar' 
2022-03-15 12:03:48.298 DEBUG [acme.Launcher@main] Found classpath entry '/C:/Users/pepe_/.m2/repository/org/projectlombok/lombok/1.18.16/lombok-1.18.16.jar' 
2022-03-15 12:03:48.298 DEBUG [acme.Launcher@main] Found classpath entry '/C:/Users/pepe_/.m2/repository/com/opencsv/opencsv/5.4/opencsv-5.4.jar' 
2022-03-15 12:03:48.298 DEBUG [acme.Launcher@main] Found classpath entry '/C:/Users/pepe_/.m2/repository/commons-beanutils/commons-beanutils/1.9.4/commons-beanutils-1.9.4.jar' 
2022-03-15 12:03:48.298 DEBUG [acme.Launcher@main] Found classpath entry '/C:/Users/pepe_/.m2/repository/commons-logging/commons-logging/1.2/commons-logging-1.2.jar' 
2022-03-15 12:03:48.298 DEBUG [acme.Launcher@main] Found classpath entry '/C:/Users/pepe_/.m2/repository/commons-collections/commons-collections/3.2.2/commons-collections-3.2.2.jar' 
2022-03-15 12:03:48.298 DEBUG [acme.Launcher@main] Found classpath entry '/C:/Users/pepe_/.m2/repository/org/apache/commons/commons-collections4/4.4/commons-collections4-4.4.jar' 
2022-03-15 12:03:48.298 DEBUG [acme.Launcher@main] Found classpath entry '/C:/Users/pepe_/OneDrive/Escritorio/Workspace-22.0/Tools/IDEs/eclipse-jee-2021-12-R/configuration/org.eclipse.osgi/418/0/.cp/lib/javaagent-shaded.jar' 
2022-03-15 12:03:48.351 DEBUG [acme.Launcher@main] Found entity class 'acme.entities.announcements.Announcement 
2022-03-15 12:03:48.352 DEBUG [acme.Launcher@main] Found entity class 'acme.entities.chirps.Chirp 
2022-03-15 12:03:48.352 DEBUG [acme.Launcher@main] Found entity class 'acme.entities.components.Component 
2022-03-15 12:03:48.352 DEBUG [acme.Launcher@main] Found entity class 'acme.entities.patronages.Patronage 
2022-03-15 12:03:48.352 DEBUG [acme.Launcher@main] Found entity class 'acme.entities.patronages.PatronageReport 
2022-03-15 12:03:48.352 DEBUG [acme.Launcher@main] Found entity class 'acme.entities.toolkits.Toolkit 
2022-03-15 12:03:48.352 DEBUG [acme.Launcher@main] Found entity class 'acme.entities.tools.Tool 
2022-03-15 12:03:48.352 DEBUG [acme.Launcher@main] Found entity class 'acme.roles.Inventor 
2022-03-15 12:03:48.352 DEBUG [acme.Launcher@main] Found entity class 'acme.roles.Patron 
2022-03-15 12:03:48.352 DEBUG [acme.Launcher@main] Found entity class 'acme.framework.entities.UserAccount 
2022-03-15 12:03:48.352 DEBUG [acme.Launcher@main] Found entity class 'acme.framework.roles.Administrator 
2022-03-15 12:03:48.352 DEBUG [acme.Launcher@main] Found entity class 'acme.framework.roles.Anonymous 
2022-03-15 12:03:48.353 DEBUG [acme.Launcher@main] Found entity class 'acme.framework.roles.Authenticated 
2022-03-15 12:03:48.356 INFO  [acme.Launcher@main] Populating (initial data) 
2022-03-15 12:03:48.357 INFO  [acme.framework.components.database.DatabasePopulator@main] Building database schema 
2022-03-15 12:03:48.401 DEBUG [acme.framework.components.database.DatabaseUtil@main] Executing script. 
2022-03-15 12:03:48.402 DEBUG [acme.framework.components.database.DatabaseUtil@main] Starting new transaction. 
2022-03-15 12:03:48.411 DEBUG [acme.framework.components.database.DatabaseUtil@main] Executing command 'set transaction isolation level read uncommitted;'. 
2022-03-15 12:03:48.428 DEBUG [acme.framework.components.database.DatabaseUtil@main] Starting transaction '2098087645'. 
2022-03-15 12:03:48.429 DEBUG [acme.framework.components.database.DatabaseUtil@main] Executing script command 'set foreign_key_checks=0'. 
2022-03-15 12:03:48.430 DEBUG [acme.framework.components.database.DatabaseUtil@main] Executing script command 'drop table if exists administrator'. 
2022-03-15 12:03:48.477 DEBUG [acme.framework.components.database.DatabaseUtil@main] Executing script command 'drop table if exists announcement'. 
2022-03-15 12:03:48.490 DEBUG [acme.framework.components.database.DatabaseUtil@main] Executing script command 'drop table if exists anonymous'. 
2022-03-15 12:03:48.501 DEBUG [acme.framework.components.database.DatabaseUtil@main] Executing script command 'drop table if exists authenticated'. 
2022-03-15 12:03:48.513 DEBUG [acme.framework.components.database.DatabaseUtil@main] Executing script command 'drop table if exists chirp'. 
2022-03-15 12:03:48.522 DEBUG [acme.framework.components.database.DatabaseUtil@main] Executing script command 'drop table if exists component'. 
2022-03-15 12:03:48.531 DEBUG [acme.framework.components.database.DatabaseUtil@main] Executing script command 'drop table if exists hibernate_sequence'. 
2022-03-15 12:03:48.543 DEBUG [acme.framework.components.database.DatabaseUtil@main] Executing script command 'drop table if exists inventor'. 
2022-03-15 12:03:48.552 DEBUG [acme.framework.components.database.DatabaseUtil@main] Executing script command 'drop table if exists patron'. 
2022-03-15 12:03:48.561 DEBUG [acme.framework.components.database.DatabaseUtil@main] Executing script command 'drop table if exists patronage'. 
2022-03-15 12:03:48.573 DEBUG [acme.framework.components.database.DatabaseUtil@main] Executing script command 'drop table if exists patronage_report'. 
2022-03-15 12:03:48.584 DEBUG [acme.framework.components.database.DatabaseUtil@main] Executing script command 'drop table if exists tool'. 
2022-03-15 12:03:48.595 DEBUG [acme.framework.components.database.DatabaseUtil@main] Executing script command 'drop table if exists toolkit'. 
2022-03-15 12:03:48.606 DEBUG [acme.framework.components.database.DatabaseUtil@main] Executing script command 'drop table if exists user_account'. 
2022-03-15 12:03:48.617 DEBUG [acme.framework.components.database.DatabaseUtil@main] Executing script command 'set foreign_key_checks=1'. 
2022-03-15 12:03:48.617 DEBUG [acme.framework.components.database.DatabaseUtil@main] Committing transaction '2098087645'. 
2022-03-15 12:03:48.628 DEBUG [acme.framework.components.database.DatabaseUtil@main] Executing script. 
2022-03-15 12:03:48.628 DEBUG [acme.framework.components.database.DatabaseUtil@main] Starting new transaction. 
2022-03-15 12:03:48.629 DEBUG [acme.framework.components.database.DatabaseUtil@main] Executing command 'set transaction isolation level read uncommitted;'. 
2022-03-15 12:03:48.629 DEBUG [acme.framework.components.database.DatabaseUtil@main] Starting transaction '747909318'. 
2022-03-15 12:03:48.629 DEBUG [acme.framework.components.database.DatabaseUtil@main] Executing script command 'set foreign_key_checks=0'. 
2022-03-15 12:03:48.629 DEBUG [acme.framework.components.database.DatabaseUtil@main] Executing script command 'create table administrator (id integer not null, version integer not null, user_account_id integer, primary key (id)) engine=InnoDB'. 
2022-03-15 12:03:48.648 DEBUG [acme.framework.components.database.DatabaseUtil@main] Executing script command 'create table announcement (id integer not null, version integer not null, body varchar(255), is_critical bit, link varchar(255), moment datetime, title varchar(255), primary key (id)) engine=InnoDB'. 
2022-03-15 12:03:48.662 DEBUG [acme.framework.components.database.DatabaseUtil@main] Executing script command 'create table anonymous (id integer not null, version integer not null, user_account_id integer, primary key (id)) engine=InnoDB'. 
2022-03-15 12:03:48.675 DEBUG [acme.framework.components.database.DatabaseUtil@main] Executing script command 'create table authenticated (id integer not null, version integer not null, user_account_id integer, primary key (id)) engine=InnoDB'. 
2022-03-15 12:03:48.696 DEBUG [acme.framework.components.database.DatabaseUtil@main] Executing script command 'create table chirp (id integer not null, version integer not null, author varchar(255), body varchar(255), date varchar(255), email varchar(255), moment datetime, title varchar(255), primary key (id)) engine=InnoDB'. 
2022-03-15 12:03:48.720 DEBUG [acme.framework.components.database.DatabaseUtil@main] Executing script command 'create table component (id integer not null, version integer not null, code varchar(255), description varchar(255), link varchar(255), name varchar(255), price double precision, technology varchar(255), primary key (id)) engine=InnoDB'. 
2022-03-15 12:03:48.741 DEBUG [acme.framework.components.database.DatabaseUtil@main] Executing script command 'create table hibernate_sequence (next_val bigint) engine=InnoDB'. 
2022-03-15 12:03:48.757 DEBUG [acme.framework.components.database.DatabaseUtil@main] Executing script command 'insert into hibernate_sequence values ( 1 )'. 
2022-03-15 12:03:48.761 DEBUG [acme.framework.components.database.DatabaseUtil@main] Executing script command 'create table inventor (id integer not null, version integer not null, user_account_id integer, company varchar(255), statement varchar(255), primary key (id)) engine=InnoDB'. 
2022-03-15 12:03:48.777 DEBUG [acme.framework.components.database.DatabaseUtil@main] Executing script command 'create table patron (id integer not null, version integer not null, user_account_id integer, company varchar(255), statement varchar(255), primary key (id)) engine=InnoDB'. 
2022-03-15 12:03:48.797 DEBUG [acme.framework.components.database.DatabaseUtil@main] Executing script command 'create table patronage (id integer not null, version integer not null, budget double precision, code varchar(255), info varchar(255), legal_stuff varchar(255), period_of_time datetime, status integer, primary key (id)) engine=InnoDB'. 
2022-03-15 12:03:48.821 DEBUG [acme.framework.components.database.DatabaseUtil@main] Executing script command 'create table patronage_report (id integer not null, version integer not null, creation_moment datetime, info varchar(255), memorandum varchar(255), patronage_id integer not null, primary key (id)) engine=InnoDB'. 
2022-03-15 12:03:48.842 DEBUG [acme.framework.components.database.DatabaseUtil@main] Executing script command 'create table tool (id integer not null, version integer not null, code varchar(255), description varchar(255), info varchar(255), name varchar(255), retail_price double precision, technology varchar(255), primary key (id)) engine=InnoDB'. 
2022-03-15 12:03:48.860 DEBUG [acme.framework.components.database.DatabaseUtil@main] Executing script command 'create table toolkit (id integer not null, version integer not null, assembly_notes varchar(255), code varchar(255), description varchar(255), info varchar(255), title varchar(255), component_id integer, tool_id integer, primary key (id)) engine=InnoDB'. 
2022-03-15 12:03:48.876 DEBUG [acme.framework.components.database.DatabaseUtil@main] Executing script command 'create table user_account (id integer not null, version integer not null, enabled bit not null, identity blob, password varchar(255), username varchar(255), primary key (id)) engine=InnoDB'. 
2022-03-15 12:03:48.891 DEBUG [acme.framework.components.database.DatabaseUtil@main] Executing script command 'alter table patronage add constraint UK_7s289l63ihnn85qwyna5cqbfh unique (code)'. 
2022-03-15 12:03:48.917 DEBUG [acme.framework.components.database.DatabaseUtil@main] Executing script command 'alter table patronage_report add constraint UK_golm8cavwyo5om7ye2n88fgrr unique (patronage_id)'. 
2022-03-15 12:03:48.939 DEBUG [acme.framework.components.database.DatabaseUtil@main] Executing script command 'alter table tool add constraint UK_puoe6iyimealhblj4mlwyn3t3 unique (code)'. 
2022-03-15 12:03:48.960 DEBUG [acme.framework.components.database.DatabaseUtil@main] Executing script command 'alter table toolkit add constraint UK_qvml9bbjdvicrw1wt0e1bej3c unique (code)'. 
2022-03-15 12:03:48.983 DEBUG [acme.framework.components.database.DatabaseUtil@main] Executing script command 'alter table user_account add constraint UK_castjbvpeeus0r8lbpehiu0e4 unique (username)'. 
2022-03-15 12:03:49.006 DEBUG [acme.framework.components.database.DatabaseUtil@main] Executing script command 'alter table administrator add constraint FK_2a5vcjo3stlfcwadosjfq49l1 foreign key (user_account_id) references user_account (id)'. 
2022-03-15 12:03:49.029 DEBUG [acme.framework.components.database.DatabaseUtil@main] Executing script command 'alter table anonymous add constraint FK_6lnbc6fo3om54vugoh8icg78m foreign key (user_account_id) references user_account (id)'. 
2022-03-15 12:03:49.051 DEBUG [acme.framework.components.database.DatabaseUtil@main] Executing script command 'alter table authenticated add constraint FK_h52w0f3wjoi68b63wv9vwon57 foreign key (user_account_id) references user_account (id)'. 
2022-03-15 12:03:49.075 DEBUG [acme.framework.components.database.DatabaseUtil@main] Executing script command 'alter table inventor add constraint FK_2upmsx50p5pou2l4uy8trxor6 foreign key (user_account_id) references user_account (id)'. 
2022-03-15 12:03:49.099 DEBUG [acme.framework.components.database.DatabaseUtil@main] Executing script command 'alter table patron add constraint FK_8xx5nujhuio3advxc2freyu65 foreign key (user_account_id) references user_account (id)'. 
2022-03-15 12:03:49.123 DEBUG [acme.framework.components.database.DatabaseUtil@main] Executing script command 'alter table patronage_report add constraint FKli7rh2qb2q6bjix6b8o2dpt41 foreign key (patronage_id) references patronage (id)'. 
2022-03-15 12:03:49.143 DEBUG [acme.framework.components.database.DatabaseUtil@main] Executing script command 'alter table toolkit add constraint FKf4bj14k460imc1pb6p5orr0k4 foreign key (component_id) references component (id)'. 
2022-03-15 12:03:49.167 DEBUG [acme.framework.components.database.DatabaseUtil@main] Executing script command 'alter table toolkit add constraint FKbkxo18pk88hja2voup7ypdsmx foreign key (tool_id) references tool (id)'. 
2022-03-15 12:03:49.191 DEBUG [acme.framework.components.database.DatabaseUtil@main] Executing script command 'set foreign_key_checks=1'. 
2022-03-15 12:03:49.191 DEBUG [acme.framework.components.database.DatabaseUtil@main] Committing transaction '747909318'. 
2022-03-15 12:03:49.194 INFO  [acme.framework.components.database.DatabasePopulator@main] Reading entities from 'classpath:/WEB-INF/resources/initial-data' 
2022-03-15 12:03:49.199 DEBUG [acme.framework.components.database.Dataset@main] Reading dataset from 'C:\Users\pepe_\OneDrive\Escritorio\Workspace-22.0\Projects\Acme-Toolkits\target\classes\WEB-INF\resources\initial-data\administrator.csv' 
2022-03-15 12:03:49.266 DEBUG [acme.framework.components.database.Dataset@main] Reading mapping '{key:user-account=user-account-administrator-01, key=administrator-01}' from 'C:\Users\pepe_\OneDrive\Escritorio\Workspace-22.0\Projects\Acme-Toolkits\target\classes\WEB-INF\resources\initial-data\administrator.csv' 
2022-03-15 12:03:49.267 DEBUG [acme.framework.components.database.Dataset@main] Reading dataset from 'C:\Users\pepe_\OneDrive\Escritorio\Workspace-22.0\Projects\Acme-Toolkits\target\classes\WEB-INF\resources\initial-data\anonymous.csv' 
2022-03-15 12:03:49.268 DEBUG [acme.framework.components.database.Dataset@main] Reading mapping '{key:user-account=user-account-anonymous-01, key=anonymous-01}' from 'C:\Users\pepe_\OneDrive\Escritorio\Workspace-22.0\Projects\Acme-Toolkits\target\classes\WEB-INF\resources\initial-data\anonymous.csv' 
2022-03-15 12:03:49.268 DEBUG [acme.framework.components.database.Dataset@main] Reading dataset from 'C:\Users\pepe_\OneDrive\Escritorio\Workspace-22.0\Projects\Acme-Toolkits\target\classes\WEB-INF\resources\initial-data\authenticated.csv' 
2022-03-15 12:03:49.268 DEBUG [acme.framework.components.database.Dataset@main] Reading mapping '{key:user-account=user-account-administrator-01, key=authenticated-administrator-01}' from 'C:\Users\pepe_\OneDrive\Escritorio\Workspace-22.0\Projects\Acme-Toolkits\target\classes\WEB-INF\resources\initial-data\authenticated.csv' 
2022-03-15 12:03:49.268 DEBUG [acme.framework.components.database.Dataset@main] Reading dataset from 'C:\Users\pepe_\OneDrive\Escritorio\Workspace-22.0\Projects\Acme-Toolkits\target\classes\WEB-INF\resources\initial-data\inventor.csv' 
2022-03-15 12:03:49.269 DEBUG [acme.framework.components.database.Dataset@main] Reading mapping '{statement=Telecommunications, key:user-account=user-account-inventor-01, company=Macarena, Inc., key=inventor}' from 'C:\Users\pepe_\OneDrive\Escritorio\Workspace-22.0\Projects\Acme-Toolkits\target\classes\WEB-INF\resources\initial-data\inventor.csv' 
2022-03-15 12:03:49.269 DEBUG [acme.framework.components.database.Dataset@main] Reading dataset from 'C:\Users\pepe_\OneDrive\Escritorio\Workspace-22.0\Projects\Acme-Toolkits\target\classes\WEB-INF\resources\initial-data\patron.csv' 
2022-03-15 12:03:49.269 DEBUG [acme.framework.components.database.Dataset@main] Reading mapping '{statement=Telecommunications, key:user-account=user-account-patron-01, company=Los Remedios, Inc., key=patron}' from 'C:\Users\pepe_\OneDrive\Escritorio\Workspace-22.0\Projects\Acme-Toolkits\target\classes\WEB-INF\resources\initial-data\patron.csv' 
2022-03-15 12:03:49.270 DEBUG [acme.framework.components.database.Dataset@main] Reading dataset from 'C:\Users\pepe_\OneDrive\Escritorio\Workspace-22.0\Projects\Acme-Toolkits\target\classes\WEB-INF\resources\initial-data\user-account.csv' 
2022-03-15 12:03:49.270 DEBUG [acme.framework.components.database.Dataset@main] Reading mapping '{password=HIDDEN-PASSWORD, identity=UserIdentity{name: 'John', surname: 'Doe', email: 'john.doe@acme.com'}, key=user-account-anonymous-01, enabled=false, username=anonymous}' from 'C:\Users\pepe_\OneDrive\Escritorio\Workspace-22.0\Projects\Acme-Toolkits\target\classes\WEB-INF\resources\initial-data\user-account.csv' 
2022-03-15 12:03:49.270 DEBUG [acme.framework.components.database.Dataset@main] Reading mapping '{password=123456, identity=UserIdentity{name: 'Inventor1', surname: 'Acme1', email: 'inventor@acme.com'}, key=user-account-inventor-01, enabled=true, username=inventor}' from 'C:\Users\pepe_\OneDrive\Escritorio\Workspace-22.0\Projects\Acme-Toolkits\target\classes\WEB-INF\resources\initial-data\user-account.csv' 
2022-03-15 12:03:49.270 DEBUG [acme.framework.components.database.Dataset@main] Reading mapping '{password=administrator, identity=UserIdentity{name: 'Administrator', surname: 'Acme', email: 'administrator1@acme.com'}, key=user-account-administrator-01, enabled=true, username=administrator}' from 'C:\Users\pepe_\OneDrive\Escritorio\Workspace-22.0\Projects\Acme-Toolkits\target\classes\WEB-INF\resources\initial-data\user-account.csv' 
2022-03-15 12:03:49.271 DEBUG [acme.framework.components.database.Dataset@main] Reading mapping '{password=123456, identity=UserIdentity{name: 'Patron', surname: 'Acme', email: 'patron@acme.com'}, key=user-account-patron-01, enabled=true, username=patron}' from 'C:\Users\pepe_\OneDrive\Escritorio\Workspace-22.0\Projects\Acme-Toolkits\target\classes\WEB-INF\resources\initial-data\user-account.csv' 
2022-03-15 12:03:49.271 DEBUG [acme.framework.components.database.EntityWeb@main] Setting attributes of entities of class acme.framework.entities.UserAccount 
2022-03-15 12:03:49.449 DEBUG [acme.framework.components.database.EntityWeb@main] Setting attributes of entities of class acme.framework.roles.Anonymous 
2022-03-15 12:03:49.450 DEBUG [acme.framework.components.database.EntityWeb@main] Setting attributes of entities of class acme.roles.Patron 
2022-03-15 12:03:49.454 DEBUG [acme.framework.components.database.EntityWeb@main] Setting attributes of entities of class acme.framework.roles.Administrator 
2022-03-15 12:03:49.455 DEBUG [acme.framework.components.database.EntityWeb@main] Setting attributes of entities of class acme.roles.Inventor 
2022-03-15 12:03:49.458 DEBUG [acme.framework.components.database.EntityWeb@main] Setting attributes of entities of class acme.framework.roles.Authenticated 
2022-03-15 12:03:49.458 DEBUG [acme.framework.components.database.EntityWeb@main] Linking entities of class acme.framework.entities.UserAccount 
2022-03-15 12:03:49.459 DEBUG [acme.framework.components.database.EntityWeb@main] Linking entities of class acme.framework.roles.Anonymous 
2022-03-15 12:03:49.463 DEBUG [acme.framework.components.database.EntityWeb@main] Linking entities of class acme.roles.Patron 
2022-03-15 12:03:49.463 DEBUG [acme.framework.components.database.EntityWeb@main] Linking entities of class acme.framework.roles.Administrator 
2022-03-15 12:03:49.467 DEBUG [acme.framework.components.database.EntityWeb@main] Linking entities of class acme.roles.Inventor 
2022-03-15 12:03:49.467 DEBUG [acme.framework.components.database.EntityWeb@main] Linking entities of class acme.framework.roles.Authenticated 
2022-03-15 12:03:49.473 INFO  [acme.framework.components.database.DatabasePopulator@main] Validating your entities 
2022-03-15 12:03:49.542 DEBUG [acme.framework.components.database.DatabasePopulator@main] Validating 'acme.framework.entities.UserAccount@user-account-anonymous-01' ... PASS 
2022-03-15 12:03:49.550 DEBUG [acme.framework.components.database.DatabasePopulator@main] Validating 'acme.roles.Patron@patron' ... PASS 
2022-03-15 12:03:49.551 DEBUG [acme.framework.components.database.DatabasePopulator@main] Validating 'acme.framework.entities.UserAccount@user-account-patron-01' ... PASS 
2022-03-15 12:03:49.552 DEBUG [acme.framework.components.database.DatabasePopulator@main] Validating 'acme.framework.entities.UserAccount@user-account-administrator-01' ... PASS 
2022-03-15 12:03:49.555 DEBUG [acme.framework.components.database.DatabasePopulator@main] Validating 'acme.framework.roles.Anonymous@anonymous-01' ... PASS 
2022-03-15 12:03:49.556 DEBUG [acme.framework.components.database.DatabasePopulator@main] Validating 'acme.framework.entities.UserAccount@user-account-inventor-01' ... PASS 
2022-03-15 12:03:49.560 DEBUG [acme.framework.components.database.DatabasePopulator@main] Validating 'acme.roles.Inventor@inventor' ... PASS 
2022-03-15 12:03:49.564 DEBUG [acme.framework.components.database.DatabasePopulator@main] Validating 'acme.framework.roles.Authenticated@authenticated-administrator-01' ... PASS 
2022-03-15 12:03:49.566 DEBUG [acme.framework.components.database.DatabasePopulator@main] Validating 'acme.framework.roles.Administrator@administrator-01' ... PASS 
2022-03-15 12:03:49.566 INFO  [acme.framework.components.database.DatabasePopulator@main] Sorting your entity classes 
2022-03-15 12:03:49.567 DEBUG [acme.framework.components.database.DatabasePopulator@main] Best topological order for your entity clazzes: 
2022-03-15 12:03:49.567 DEBUG [acme.framework.components.database.DatabasePopulator@main] - acme.framework.entities.UserAccount 
2022-03-15 12:03:49.567 DEBUG [acme.framework.components.database.DatabasePopulator@main] - acme.framework.roles.Anonymous 
2022-03-15 12:03:49.567 DEBUG [acme.framework.components.database.DatabasePopulator@main] - acme.roles.Patron 
2022-03-15 12:03:49.567 DEBUG [acme.framework.components.database.DatabasePopulator@main] - acme.framework.roles.Administrator 
2022-03-15 12:03:49.567 DEBUG [acme.framework.components.database.DatabasePopulator@main] - acme.roles.Inventor 
2022-03-15 12:03:49.567 DEBUG [acme.framework.components.database.DatabasePopulator@main] - acme.framework.roles.Authenticated 
2022-03-15 12:03:49.567 INFO  [acme.framework.components.database.DatabasePopulator@main] Persisting your entities 
2022-03-15 12:03:49.567 DEBUG [acme.framework.components.database.DatabaseUtil@main] Starting new transaction. 
2022-03-15 12:03:49.568 DEBUG [acme.framework.components.database.DatabaseUtil@main] Executing command 'set transaction isolation level read uncommitted;'. 
2022-03-15 12:03:49.568 DEBUG [acme.framework.components.database.DatabaseUtil@main] Starting transaction '1585430546'. 
2022-03-15 12:03:49.568 DEBUG [acme.framework.components.database.DatabasePopulator@main] Persising entities of clazz 'acme.framework.entities.UserAccount' 
2022-03-15 12:03:49.585 DEBUG [org.hibernate.SQL@main] select next_val as id_val from hibernate_sequence for update 
2022-03-15 12:03:49.602 DEBUG [org.hibernate.SQL@main] update hibernate_sequence set next_val= ? where next_val=? 
2022-03-15 12:03:49.639 DEBUG [acme.framework.components.database.DatabaseUtil@main] Persisting entity UserAccount(username=anonymous) 
2022-03-15 12:03:49.639 DEBUG [org.hibernate.SQL@main] select next_val as id_val from hibernate_sequence for update 
2022-03-15 12:03:49.640 DEBUG [org.hibernate.SQL@main] update hibernate_sequence set next_val= ? where next_val=? 
2022-03-15 12:03:49.642 DEBUG [acme.framework.components.database.DatabaseUtil@main] Persisting entity UserAccount(username=patron) 
2022-03-15 12:03:49.643 DEBUG [org.hibernate.SQL@main] select next_val as id_val from hibernate_sequence for update 
2022-03-15 12:03:49.643 DEBUG [org.hibernate.SQL@main] update hibernate_sequence set next_val= ? where next_val=? 
2022-03-15 12:03:49.646 DEBUG [acme.framework.components.database.DatabaseUtil@main] Persisting entity UserAccount(username=administrator) 
2022-03-15 12:03:49.646 DEBUG [org.hibernate.SQL@main] select next_val as id_val from hibernate_sequence for update 
2022-03-15 12:03:49.647 DEBUG [org.hibernate.SQL@main] update hibernate_sequence set next_val= ? where next_val=? 
2022-03-15 12:03:49.649 DEBUG [acme.framework.components.database.DatabaseUtil@main] Persisting entity UserAccount(username=inventor) 
2022-03-15 12:03:49.649 DEBUG [acme.framework.components.database.DatabasePopulator@main] Persising entities of clazz 'acme.framework.roles.Anonymous' 
2022-03-15 12:03:49.650 DEBUG [org.hibernate.SQL@main] select next_val as id_val from hibernate_sequence for update 
2022-03-15 12:03:49.650 DEBUG [org.hibernate.SQL@main] update hibernate_sequence set next_val= ? where next_val=? 
2022-03-15 12:03:49.653 DEBUG [acme.framework.components.database.DatabaseUtil@main] Persisting entity UserRole(userAccount=UserAccount(username=anonymous)) 
2022-03-15 12:03:49.653 DEBUG [acme.framework.components.database.DatabasePopulator@main] Persising entities of clazz 'acme.roles.Patron' 
2022-03-15 12:03:49.654 DEBUG [org.hibernate.SQL@main] select next_val as id_val from hibernate_sequence for update 
2022-03-15 12:03:49.654 DEBUG [org.hibernate.SQL@main] update hibernate_sequence set next_val= ? where next_val=? 
2022-03-15 12:03:49.657 DEBUG [acme.framework.components.database.DatabaseUtil@main] Persisting entity UserRole(userAccount=UserAccount(username=patron)) 
2022-03-15 12:03:49.657 DEBUG [acme.framework.components.database.DatabasePopulator@main] Persising entities of clazz 'acme.framework.roles.Administrator' 
2022-03-15 12:03:49.657 DEBUG [org.hibernate.SQL@main] select next_val as id_val from hibernate_sequence for update 
2022-03-15 12:03:49.658 DEBUG [org.hibernate.SQL@main] update hibernate_sequence set next_val= ? where next_val=? 
2022-03-15 12:03:49.660 DEBUG [acme.framework.components.database.DatabaseUtil@main] Persisting entity UserRole(userAccount=UserAccount(username=administrator)) 
2022-03-15 12:03:49.660 DEBUG [acme.framework.components.database.DatabasePopulator@main] Persising entities of clazz 'acme.roles.Inventor' 
2022-03-15 12:03:49.661 DEBUG [org.hibernate.SQL@main] select next_val as id_val from hibernate_sequence for update 
2022-03-15 12:03:49.662 DEBUG [org.hibernate.SQL@main] update hibernate_sequence set next_val= ? where next_val=? 
2022-03-15 12:03:49.664 DEBUG [acme.framework.components.database.DatabaseUtil@main] Persisting entity UserRole(userAccount=UserAccount(username=inventor)) 
2022-03-15 12:03:49.664 DEBUG [acme.framework.components.database.DatabasePopulator@main] Persising entities of clazz 'acme.framework.roles.Authenticated' 
2022-03-15 12:03:49.664 DEBUG [org.hibernate.SQL@main] select next_val as id_val from hibernate_sequence for update 
2022-03-15 12:03:49.665 DEBUG [org.hibernate.SQL@main] update hibernate_sequence set next_val= ? where next_val=? 
2022-03-15 12:03:49.667 DEBUG [acme.framework.components.database.DatabaseUtil@main] Persisting entity UserRole(userAccount=UserAccount(username=administrator)) 
2022-03-15 12:03:49.668 DEBUG [acme.framework.components.database.DatabaseUtil@main] Committing transaction '1585430546'. 
2022-03-15 12:03:49.691 DEBUG [org.hibernate.SQL@main] insert into user_account (version, enabled, identity, password, username, id) values (?, ?, ?, ?, ?, ?) 
2022-03-15 12:03:49.693 TRACE [org.hibernate.type.descriptor.sql.BasicBinder@main] binding parameter [1] as [INTEGER] - [0] 
2022-03-15 12:03:49.693 TRACE [org.hibernate.type.descriptor.sql.BasicBinder@main] binding parameter [2] as [BOOLEAN] - [false] 
2022-03-15 12:03:49.694 TRACE [org.hibernate.type.descriptor.sql.BasicBinder@main] binding parameter [3] as [BLOB] - [DefaultUserIdentity(name=John, surname=Doe, email=john.doe@acme.com)] 
2022-03-15 12:03:49.696 TRACE [org.hibernate.type.descriptor.sql.BasicBinder@main] binding parameter [4] as [VARCHAR] - [$2a$05$FCs8pDXirC6A0rlbDrkiUuU5fRCVJw3VTiyV5xP8ufK7NjZE0cHP.] 
2022-03-15 12:03:49.696 TRACE [org.hibernate.type.descriptor.sql.BasicBinder@main] binding parameter [5] as [VARCHAR] - [anonymous] 
2022-03-15 12:03:49.696 TRACE [org.hibernate.type.descriptor.sql.BasicBinder@main] binding parameter [6] as [INTEGER] - [1] 
2022-03-15 12:03:49.701 DEBUG [org.hibernate.SQL@main] insert into user_account (version, enabled, identity, password, username, id) values (?, ?, ?, ?, ?, ?) 
2022-03-15 12:03:49.702 TRACE [org.hibernate.type.descriptor.sql.BasicBinder@main] binding parameter [1] as [INTEGER] - [0] 
2022-03-15 12:03:49.702 TRACE [org.hibernate.type.descriptor.sql.BasicBinder@main] binding parameter [2] as [BOOLEAN] - [true] 
2022-03-15 12:03:49.702 TRACE [org.hibernate.type.descriptor.sql.BasicBinder@main] binding parameter [3] as [BLOB] - [DefaultUserIdentity(name=Patron, surname=Acme, email=patron@acme.com)] 
2022-03-15 12:03:49.702 TRACE [org.hibernate.type.descriptor.sql.BasicBinder@main] binding parameter [4] as [VARCHAR] - [$2a$05$lpIhC0pqYdqtxv7ilpvlPOAWc/MjbZ2WGJDVuAbf/m6Q2VSPC0XQS] 
2022-03-15 12:03:49.702 TRACE [org.hibernate.type.descriptor.sql.BasicBinder@main] binding parameter [5] as [VARCHAR] - [patron] 
2022-03-15 12:03:49.702 TRACE [org.hibernate.type.descriptor.sql.BasicBinder@main] binding parameter [6] as [INTEGER] - [2] 
2022-03-15 12:03:49.703 DEBUG [org.hibernate.SQL@main] insert into user_account (version, enabled, identity, password, username, id) values (?, ?, ?, ?, ?, ?) 
2022-03-15 12:03:49.704 TRACE [org.hibernate.type.descriptor.sql.BasicBinder@main] binding parameter [1] as [INTEGER] - [0] 
2022-03-15 12:03:49.704 TRACE [org.hibernate.type.descriptor.sql.BasicBinder@main] binding parameter [2] as [BOOLEAN] - [true] 
2022-03-15 12:03:49.704 TRACE [org.hibernate.type.descriptor.sql.BasicBinder@main] binding parameter [3] as [BLOB] - [DefaultUserIdentity(name=Administrator, surname=Acme, email=administrator1@acme.com)] 
2022-03-15 12:03:49.704 TRACE [org.hibernate.type.descriptor.sql.BasicBinder@main] binding parameter [4] as [VARCHAR] - [$2a$05$QfRDYeVf.JbDCFsM.H3WBubs1jW/gqqaAFl/Bj4.s0NFxzziD0auq] 
2022-03-15 12:03:49.704 TRACE [org.hibernate.type.descriptor.sql.BasicBinder@main] binding parameter [5] as [VARCHAR] - [administrator] 
2022-03-15 12:03:49.704 TRACE [org.hibernate.type.descriptor.sql.BasicBinder@main] binding parameter [6] as [INTEGER] - [3] 
2022-03-15 12:03:49.705 DEBUG [org.hibernate.SQL@main] insert into user_account (version, enabled, identity, password, username, id) values (?, ?, ?, ?, ?, ?) 
2022-03-15 12:03:49.705 TRACE [org.hibernate.type.descriptor.sql.BasicBinder@main] binding parameter [1] as [INTEGER] - [0] 
2022-03-15 12:03:49.705 TRACE [org.hibernate.type.descriptor.sql.BasicBinder@main] binding parameter [2] as [BOOLEAN] - [true] 
2022-03-15 12:03:49.705 TRACE [org.hibernate.type.descriptor.sql.BasicBinder@main] binding parameter [3] as [BLOB] - [DefaultUserIdentity(name=Inventor1, surname=Acme1, email=inventor@acme.com)] 
2022-03-15 12:03:49.706 TRACE [org.hibernate.type.descriptor.sql.BasicBinder@main] binding parameter [4] as [VARCHAR] - [$2a$05$5QoCFTumP8OD/wd.GPM4y.C6Mq123zPmmpF5JL5OcCoeoWwjOAwm6] 
2022-03-15 12:03:49.706 TRACE [org.hibernate.type.descriptor.sql.BasicBinder@main] binding parameter [5] as [VARCHAR] - [inventor] 
2022-03-15 12:03:49.706 TRACE [org.hibernate.type.descriptor.sql.BasicBinder@main] binding parameter [6] as [INTEGER] - [4] 
2022-03-15 12:03:49.706 DEBUG [org.hibernate.SQL@main] insert into anonymous (version, user_account_id, id) values (?, ?, ?) 
2022-03-15 12:03:49.707 TRACE [org.hibernate.type.descriptor.sql.BasicBinder@main] binding parameter [1] as [INTEGER] - [0] 
2022-03-15 12:03:49.707 TRACE [org.hibernate.type.descriptor.sql.BasicBinder@main] binding parameter [2] as [INTEGER] - [1] 
2022-03-15 12:03:49.707 TRACE [org.hibernate.type.descriptor.sql.BasicBinder@main] binding parameter [3] as [INTEGER] - [5] 
2022-03-15 12:03:49.710 DEBUG [org.hibernate.SQL@main] insert into patron (version, user_account_id, company, statement, id) values (?, ?, ?, ?, ?) 
2022-03-15 12:03:49.710 TRACE [org.hibernate.type.descriptor.sql.BasicBinder@main] binding parameter [1] as [INTEGER] - [0] 
2022-03-15 12:03:49.711 TRACE [org.hibernate.type.descriptor.sql.BasicBinder@main] binding parameter [2] as [INTEGER] - [2] 
2022-03-15 12:03:49.711 TRACE [org.hibernate.type.descriptor.sql.BasicBinder@main] binding parameter [3] as [VARCHAR] - [Los Remedios, Inc.] 
2022-03-15 12:03:49.711 TRACE [org.hibernate.type.descriptor.sql.BasicBinder@main] binding parameter [4] as [VARCHAR] - [Telecommunications] 
2022-03-15 12:03:49.711 TRACE [org.hibernate.type.descriptor.sql.BasicBinder@main] binding parameter [5] as [INTEGER] - [6] 
2022-03-15 12:03:49.714 DEBUG [org.hibernate.SQL@main] insert into administrator (version, user_account_id, id) values (?, ?, ?) 
2022-03-15 12:03:49.714 TRACE [org.hibernate.type.descriptor.sql.BasicBinder@main] binding parameter [1] as [INTEGER] - [0] 
2022-03-15 12:03:49.715 TRACE [org.hibernate.type.descriptor.sql.BasicBinder@main] binding parameter [2] as [INTEGER] - [3] 
2022-03-15 12:03:49.715 TRACE [org.hibernate.type.descriptor.sql.BasicBinder@main] binding parameter [3] as [INTEGER] - [7] 
2022-03-15 12:03:49.718 DEBUG [org.hibernate.SQL@main] insert into inventor (version, user_account_id, company, statement, id) values (?, ?, ?, ?, ?) 
2022-03-15 12:03:49.718 TRACE [org.hibernate.type.descriptor.sql.BasicBinder@main] binding parameter [1] as [INTEGER] - [0] 
2022-03-15 12:03:49.718 TRACE [org.hibernate.type.descriptor.sql.BasicBinder@main] binding parameter [2] as [INTEGER] - [4] 
2022-03-15 12:03:49.718 TRACE [org.hibernate.type.descriptor.sql.BasicBinder@main] binding parameter [3] as [VARCHAR] - [Macarena, Inc.] 
2022-03-15 12:03:49.718 TRACE [org.hibernate.type.descriptor.sql.BasicBinder@main] binding parameter [4] as [VARCHAR] - [Telecommunications] 
2022-03-15 12:03:49.719 TRACE [org.hibernate.type.descriptor.sql.BasicBinder@main] binding parameter [5] as [INTEGER] - [8] 
2022-03-15 12:03:49.721 DEBUG [org.hibernate.SQL@main] insert into authenticated (version, user_account_id, id) values (?, ?, ?) 
2022-03-15 12:03:49.722 TRACE [org.hibernate.type.descriptor.sql.BasicBinder@main] binding parameter [1] as [INTEGER] - [0] 
2022-03-15 12:03:49.722 TRACE [org.hibernate.type.descriptor.sql.BasicBinder@main] binding parameter [2] as [INTEGER] - [3] 
2022-03-15 12:03:49.722 TRACE [org.hibernate.type.descriptor.sql.BasicBinder@main] binding parameter [3] as [INTEGER] - [9] 
2022-03-15 12:03:50.943 INFO  [acme.framework.configuration.ShutdownConfiguration@main] The system is shutting down... 
2022-03-15 12:03:50.960 DEBUG [acme.Launcher@main] Exit code = 0 
