2022-03-12 13:24:03.497 INFO  [acme.Launcher@main] Starting Launcher using Java 1.8.0_281 on DESKTOP-G30PLF4 with PID 288 (C:\Users\multi\OneDrive\Desktop\Workspace-22.0\Frameworks\Acme-Framework-22.1\target\classes started by multi in C:\Users\multi\OneDrive\Desktop\Workspace-22.0\Projects\Acme-Toolkits) 
2022-03-12 13:24:03.498 DEBUG [acme.Launcher@main] Running with Spring Boot v2.4.2, Spring v5.3.3 
2022-03-12 13:24:03.501 INFO  [acme.Launcher@main] The following profiles are active: development,populator 
2022-03-12 13:24:08.792 DEBUG [org.apache.jasper.servlet.JasperInitializer@main] Initializing Jasper for context [application] 
2022-03-12 13:24:17.970 DEBUG [org.apache.jasper.servlet.JspServlet@main] Scratch dir for the JSP engine is: [C:\Users\multi\AppData\Local\Temp\tomcat.8083.8039123173336873420\work\Tomcat\localhost\acme-toolkits-22.1] 
2022-03-12 13:24:17.971 DEBUG [org.apache.jasper.servlet.JspServlet@main] IMPORTANT: Do not modify the generated servlets 
2022-03-12 13:24:18.026 INFO  [acme.Launcher@main] Started Launcher in 16.146 seconds (JVM running for 17.578) 
2022-03-12 13:24:18.042 DEBUG [acme.Launcher@main] Found classpath entry '/C:/Users/multi/OneDrive/Desktop/Workspace-22.0/Projects/Acme-Toolkits/target/classes/' 
2022-03-12 13:24:18.045 DEBUG [acme.Launcher@main] Found classpath entry '/C:/Users/multi/OneDrive/Desktop/Workspace-22.0/Projects/Acme-Toolkits/target/test-classes/' 
2022-03-12 13:24:18.045 DEBUG [acme.Launcher@main] Found classpath entry '/C:/Users/multi/.m2/repository/org/springframework/boot/spring-boot-starter-tomcat/2.4.2/spring-boot-starter-tomcat-2.4.2.jar' 
2022-03-12 13:24:18.046 DEBUG [acme.Launcher@main] Found classpath entry '/C:/Users/multi/.m2/repository/jakarta/annotation/jakarta.annotation-api/1.3.5/jakarta.annotation-api-1.3.5.jar' 
2022-03-12 13:24:18.046 DEBUG [acme.Launcher@main] Found classpath entry '/C:/Users/multi/.m2/repository/org/apache/tomcat/embed/tomcat-embed-core/9.0.41/tomcat-embed-core-9.0.41.jar' 
2022-03-12 13:24:18.046 DEBUG [acme.Launcher@main] Found classpath entry '/C:/Users/multi/.m2/repository/org/glassfish/jakarta.el/3.0.3/jakarta.el-3.0.3.jar' 
2022-03-12 13:24:18.047 DEBUG [acme.Launcher@main] Found classpath entry '/C:/Users/multi/.m2/repository/org/apache/tomcat/embed/tomcat-embed-websocket/9.0.41/tomcat-embed-websocket-9.0.41.jar' 
2022-03-12 13:24:18.048 DEBUG [acme.Launcher@main] Found classpath entry '/C:/Users/multi/.m2/repository/org/apache/tomcat/embed/tomcat-embed-jasper/9.0.41/tomcat-embed-jasper-9.0.41.jar' 
2022-03-12 13:24:18.048 DEBUG [acme.Launcher@main] Found classpath entry '/C:/Users/multi/.m2/repository/org/apache/tomcat/embed/tomcat-embed-el/9.0.41/tomcat-embed-el-9.0.41.jar' 
2022-03-12 13:24:18.049 DEBUG [acme.Launcher@main] Found classpath entry '/C:/Users/multi/.m2/repository/org/eclipse/jdt/ecj/3.18.0/ecj-3.18.0.jar' 
2022-03-12 13:24:18.049 DEBUG [acme.Launcher@main] Found classpath entry '/C:/Users/multi/.m2/repository/javax/servlet/jstl/1.2/jstl-1.2.jar' 
2022-03-12 13:24:18.050 DEBUG [acme.Launcher@main] Found classpath entry '/C:/Users/multi/.m2/repository/org/springframework/boot/spring-boot-starter-test/2.4.2/spring-boot-starter-test-2.4.2.jar' 
2022-03-12 13:24:18.050 DEBUG [acme.Launcher@main] Found classpath entry '/C:/Users/multi/.m2/repository/org/springframework/boot/spring-boot-starter/2.4.2/spring-boot-starter-2.4.2.jar' 
2022-03-12 13:24:18.050 DEBUG [acme.Launcher@main] Found classpath entry '/C:/Users/multi/.m2/repository/org/springframework/boot/spring-boot/2.4.2/spring-boot-2.4.2.jar' 
2022-03-12 13:24:18.055 DEBUG [acme.Launcher@main] Found classpath entry '/C:/Users/multi/.m2/repository/org/springframework/boot/spring-boot-autoconfigure/2.4.2/spring-boot-autoconfigure-2.4.2.jar' 
2022-03-12 13:24:18.057 DEBUG [acme.Launcher@main] Found classpath entry '/C:/Users/multi/.m2/repository/org/springframework/boot/spring-boot-starter-logging/2.4.2/spring-boot-starter-logging-2.4.2.jar' 
2022-03-12 13:24:18.057 DEBUG [acme.Launcher@main] Found classpath entry '/C:/Users/multi/.m2/repository/ch/qos/logback/logback-classic/1.2.3/logback-classic-1.2.3.jar' 
2022-03-12 13:24:18.057 DEBUG [acme.Launcher@main] Found classpath entry '/C:/Users/multi/.m2/repository/ch/qos/logback/logback-core/1.2.3/logback-core-1.2.3.jar' 
2022-03-12 13:24:18.058 DEBUG [acme.Launcher@main] Found classpath entry '/C:/Users/multi/.m2/repository/org/apache/logging/log4j/log4j-to-slf4j/2.13.3/log4j-to-slf4j-2.13.3.jar' 
2022-03-12 13:24:18.058 DEBUG [acme.Launcher@main] Found classpath entry '/C:/Users/multi/.m2/repository/org/apache/logging/log4j/log4j-api/2.13.3/log4j-api-2.13.3.jar' 
2022-03-12 13:24:18.059 DEBUG [acme.Launcher@main] Found classpath entry '/C:/Users/multi/.m2/repository/org/slf4j/jul-to-slf4j/1.7.30/jul-to-slf4j-1.7.30.jar' 
2022-03-12 13:24:18.064 DEBUG [acme.Launcher@main] Found classpath entry '/C:/Users/multi/.m2/repository/org/yaml/snakeyaml/1.27/snakeyaml-1.27.jar' 
2022-03-12 13:24:18.065 DEBUG [acme.Launcher@main] Found classpath entry '/C:/Users/multi/.m2/repository/org/springframework/boot/spring-boot-test/2.4.2/spring-boot-test-2.4.2.jar' 
2022-03-12 13:24:18.065 DEBUG [acme.Launcher@main] Found classpath entry '/C:/Users/multi/.m2/repository/org/springframework/boot/spring-boot-test-autoconfigure/2.4.2/spring-boot-test-autoconfigure-2.4.2.jar' 
2022-03-12 13:24:18.065 DEBUG [acme.Launcher@main] Found classpath entry '/C:/Users/multi/.m2/repository/com/jayway/jsonpath/json-path/2.4.0/json-path-2.4.0.jar' 
2022-03-12 13:24:18.066 DEBUG [acme.Launcher@main] Found classpath entry '/C:/Users/multi/.m2/repository/net/minidev/json-smart/2.3/json-smart-2.3.jar' 
2022-03-12 13:24:18.066 DEBUG [acme.Launcher@main] Found classpath entry '/C:/Users/multi/.m2/repository/net/minidev/accessors-smart/1.2/accessors-smart-1.2.jar' 
2022-03-12 13:24:18.066 DEBUG [acme.Launcher@main] Found classpath entry '/C:/Users/multi/.m2/repository/org/ow2/asm/asm/5.0.4/asm-5.0.4.jar' 
2022-03-12 13:24:18.067 DEBUG [acme.Launcher@main] Found classpath entry '/C:/Users/multi/.m2/repository/jakarta/xml/bind/jakarta.xml.bind-api/2.3.3/jakarta.xml.bind-api-2.3.3.jar' 
2022-03-12 13:24:18.067 DEBUG [acme.Launcher@main] Found classpath entry '/C:/Users/multi/.m2/repository/jakarta/activation/jakarta.activation-api/1.2.2/jakarta.activation-api-1.2.2.jar' 
2022-03-12 13:24:18.068 DEBUG [acme.Launcher@main] Found classpath entry '/C:/Users/multi/.m2/repository/org/assertj/assertj-core/3.18.1/assertj-core-3.18.1.jar' 
2022-03-12 13:24:18.069 DEBUG [acme.Launcher@main] Found classpath entry '/C:/Users/multi/.m2/repository/org/hamcrest/hamcrest/2.2/hamcrest-2.2.jar' 
2022-03-12 13:24:18.070 DEBUG [acme.Launcher@main] Found classpath entry '/C:/Users/multi/.m2/repository/org/junit/jupiter/junit-jupiter/5.7.0/junit-jupiter-5.7.0.jar' 
2022-03-12 13:24:18.070 DEBUG [acme.Launcher@main] Found classpath entry '/C:/Users/multi/.m2/repository/org/mockito/mockito-core/3.6.28/mockito-core-3.6.28.jar' 
2022-03-12 13:24:18.070 DEBUG [acme.Launcher@main] Found classpath entry '/C:/Users/multi/.m2/repository/net/bytebuddy/byte-buddy-agent/1.10.19/byte-buddy-agent-1.10.19.jar' 
2022-03-12 13:24:18.071 DEBUG [acme.Launcher@main] Found classpath entry '/C:/Users/multi/.m2/repository/org/objenesis/objenesis/3.1/objenesis-3.1.jar' 
2022-03-12 13:24:18.072 DEBUG [acme.Launcher@main] Found classpath entry '/C:/Users/multi/.m2/repository/org/mockito/mockito-junit-jupiter/3.6.28/mockito-junit-jupiter-3.6.28.jar' 
2022-03-12 13:24:18.072 DEBUG [acme.Launcher@main] Found classpath entry '/C:/Users/multi/.m2/repository/org/skyscreamer/jsonassert/1.5.0/jsonassert-1.5.0.jar' 
2022-03-12 13:24:18.072 DEBUG [acme.Launcher@main] Found classpath entry '/C:/Users/multi/.m2/repository/com/vaadin/external/google/android-json/0.0.20131108.vaadin1/android-json-0.0.20131108.vaadin1.jar' 
2022-03-12 13:24:18.072 DEBUG [acme.Launcher@main] Found classpath entry '/C:/Users/multi/.m2/repository/org/springframework/spring-core/5.3.3/spring-core-5.3.3.jar' 
2022-03-12 13:24:18.072 DEBUG [acme.Launcher@main] Found classpath entry '/C:/Users/multi/.m2/repository/org/springframework/spring-jcl/5.3.3/spring-jcl-5.3.3.jar' 
2022-03-12 13:24:18.073 DEBUG [acme.Launcher@main] Found classpath entry '/C:/Users/multi/.m2/repository/org/springframework/spring-test/5.3.3/spring-test-5.3.3.jar' 
2022-03-12 13:24:18.073 DEBUG [acme.Launcher@main] Found classpath entry '/C:/Users/multi/.m2/repository/org/xmlunit/xmlunit-core/2.7.0/xmlunit-core-2.7.0.jar' 
2022-03-12 13:24:18.073 DEBUG [acme.Launcher@main] Found classpath entry '/C:/Users/multi/.m2/repository/org/springframework/boot/spring-boot-starter-security/2.4.2/spring-boot-starter-security-2.4.2.jar' 
2022-03-12 13:24:18.073 DEBUG [acme.Launcher@main] Found classpath entry '/C:/Users/multi/.m2/repository/org/springframework/spring-aop/5.3.3/spring-aop-5.3.3.jar' 
2022-03-12 13:24:18.074 DEBUG [acme.Launcher@main] Found classpath entry '/C:/Users/multi/.m2/repository/org/springframework/security/spring-security-web/5.4.2/spring-security-web-5.4.2.jar' 
2022-03-12 13:24:18.074 DEBUG [acme.Launcher@main] Found classpath entry '/C:/Users/multi/.m2/repository/org/springframework/security/spring-security-core/5.4.2/spring-security-core-5.4.2.jar' 
2022-03-12 13:24:18.074 DEBUG [acme.Launcher@main] Found classpath entry '/C:/Users/multi/.m2/repository/org/springframework/spring-beans/5.3.3/spring-beans-5.3.3.jar' 
2022-03-12 13:24:18.074 DEBUG [acme.Launcher@main] Found classpath entry '/C:/Users/multi/.m2/repository/org/springframework/spring-context/5.3.3/spring-context-5.3.3.jar' 
2022-03-12 13:24:18.075 DEBUG [acme.Launcher@main] Found classpath entry '/C:/Users/multi/.m2/repository/org/springframework/spring-expression/5.3.3/spring-expression-5.3.3.jar' 
2022-03-12 13:24:18.078 DEBUG [acme.Launcher@main] Found classpath entry '/C:/Users/multi/.m2/repository/org/springframework/spring-web/5.3.3/spring-web-5.3.3.jar' 
2022-03-12 13:24:18.082 DEBUG [acme.Launcher@main] Found classpath entry '/C:/Users/multi/.m2/repository/org/springframework/security/spring-security-config/5.4.2/spring-security-config-5.4.2.jar' 
2022-03-12 13:24:18.083 DEBUG [acme.Launcher@main] Found classpath entry '/C:/Users/multi/.m2/repository/org/springframework/security/spring-security-taglibs/5.4.2/spring-security-taglibs-5.4.2.jar' 
2022-03-12 13:24:18.083 DEBUG [acme.Launcher@main] Found classpath entry '/C:/Users/multi/.m2/repository/org/springframework/security/spring-security-acl/5.4.2/spring-security-acl-5.4.2.jar' 
2022-03-12 13:24:18.089 DEBUG [acme.Launcher@main] Found classpath entry '/C:/Users/multi/.m2/repository/org/springframework/spring-jdbc/5.3.3/spring-jdbc-5.3.3.jar' 
2022-03-12 13:24:18.089 DEBUG [acme.Launcher@main] Found classpath entry '/C:/Users/multi/.m2/repository/org/springframework/spring-tx/5.3.3/spring-tx-5.3.3.jar' 
2022-03-12 13:24:18.091 DEBUG [acme.Launcher@main] Found classpath entry '/C:/Users/multi/.m2/repository/org/springframework/boot/spring-boot-starter-web/2.4.2/spring-boot-starter-web-2.4.2.jar' 
2022-03-12 13:24:18.091 DEBUG [acme.Launcher@main] Found classpath entry '/C:/Users/multi/.m2/repository/org/springframework/boot/spring-boot-starter-json/2.4.2/spring-boot-starter-json-2.4.2.jar' 
2022-03-12 13:24:18.091 DEBUG [acme.Launcher@main] Found classpath entry '/C:/Users/multi/.m2/repository/com/fasterxml/jackson/core/jackson-databind/2.11.4/jackson-databind-2.11.4.jar' 
2022-03-12 13:24:18.091 DEBUG [acme.Launcher@main] Found classpath entry '/C:/Users/multi/.m2/repository/com/fasterxml/jackson/core/jackson-annotations/2.11.4/jackson-annotations-2.11.4.jar' 
2022-03-12 13:24:18.091 DEBUG [acme.Launcher@main] Found classpath entry '/C:/Users/multi/.m2/repository/com/fasterxml/jackson/core/jackson-core/2.11.4/jackson-core-2.11.4.jar' 
2022-03-12 13:24:18.091 DEBUG [acme.Launcher@main] Found classpath entry '/C:/Users/multi/.m2/repository/com/fasterxml/jackson/datatype/jackson-datatype-jdk8/2.11.4/jackson-datatype-jdk8-2.11.4.jar' 
2022-03-12 13:24:18.092 DEBUG [acme.Launcher@main] Found classpath entry '/C:/Users/multi/.m2/repository/com/fasterxml/jackson/datatype/jackson-datatype-jsr310/2.11.4/jackson-datatype-jsr310-2.11.4.jar' 
2022-03-12 13:24:18.092 DEBUG [acme.Launcher@main] Found classpath entry '/C:/Users/multi/.m2/repository/com/fasterxml/jackson/module/jackson-module-parameter-names/2.11.4/jackson-module-parameter-names-2.11.4.jar' 
2022-03-12 13:24:18.092 DEBUG [acme.Launcher@main] Found classpath entry '/C:/Users/multi/.m2/repository/org/springframework/spring-webmvc/5.3.3/spring-webmvc-5.3.3.jar' 
2022-03-12 13:24:18.092 DEBUG [acme.Launcher@main] Found classpath entry '/C:/Users/multi/.m2/repository/org/apache/tiles/tiles-jsp/3.0.8/tiles-jsp-3.0.8.jar' 
2022-03-12 13:24:18.093 DEBUG [acme.Launcher@main] Found classpath entry '/C:/Users/multi/.m2/repository/org/apache/tiles/tiles-servlet/3.0.8/tiles-servlet-3.0.8.jar' 
2022-03-12 13:24:18.093 DEBUG [acme.Launcher@main] Found classpath entry '/C:/Users/multi/.m2/repository/org/apache/tiles/tiles-core/3.0.8/tiles-core-3.0.8.jar' 
2022-03-12 13:24:18.093 DEBUG [acme.Launcher@main] Found classpath entry '/C:/Users/multi/.m2/repository/commons-digester/commons-digester/2.0/commons-digester-2.0.jar' 
2022-03-12 13:24:18.093 DEBUG [acme.Launcher@main] Found classpath entry '/C:/Users/multi/.m2/repository/org/slf4j/jcl-over-slf4j/1.7.30/jcl-over-slf4j-1.7.30.jar' 
2022-03-12 13:24:18.094 DEBUG [acme.Launcher@main] Found classpath entry '/C:/Users/multi/.m2/repository/org/apache/tiles/tiles-request-servlet/1.0.7/tiles-request-servlet-1.0.7.jar' 
2022-03-12 13:24:18.094 DEBUG [acme.Launcher@main] Found classpath entry '/C:/Users/multi/.m2/repository/org/apache/tiles/tiles-template/3.0.8/tiles-template-3.0.8.jar' 
2022-03-12 13:24:18.094 DEBUG [acme.Launcher@main] Found classpath entry '/C:/Users/multi/.m2/repository/org/apache/tiles/tiles-api/3.0.8/tiles-api-3.0.8.jar' 
2022-03-12 13:24:18.095 DEBUG [acme.Launcher@main] Found classpath entry '/C:/Users/multi/.m2/repository/org/apache/tiles/tiles-autotag-core-runtime/1.2/tiles-autotag-core-runtime-1.2.jar' 
2022-03-12 13:24:18.095 DEBUG [acme.Launcher@main] Found classpath entry '/C:/Users/multi/.m2/repository/org/slf4j/slf4j-api/1.7.30/slf4j-api-1.7.30.jar' 
2022-03-12 13:24:18.095 DEBUG [acme.Launcher@main] Found classpath entry '/C:/Users/multi/.m2/repository/org/apache/tiles/tiles-request-jsp/1.0.7/tiles-request-jsp-1.0.7.jar' 
2022-03-12 13:24:18.095 DEBUG [acme.Launcher@main] Found classpath entry '/C:/Users/multi/.m2/repository/org/apache/tiles/tiles-request-api/1.0.7/tiles-request-api-1.0.7.jar' 
2022-03-12 13:24:18.096 DEBUG [acme.Launcher@main] Found classpath entry '/C:/Users/multi/.m2/repository/org/springframework/boot/spring-boot-starter-data-jpa/2.4.2/spring-boot-starter-data-jpa-2.4.2.jar' 
2022-03-12 13:24:18.096 DEBUG [acme.Launcher@main] Found classpath entry '/C:/Users/multi/.m2/repository/org/springframework/boot/spring-boot-starter-aop/2.4.2/spring-boot-starter-aop-2.4.2.jar' 
2022-03-12 13:24:18.096 DEBUG [acme.Launcher@main] Found classpath entry '/C:/Users/multi/.m2/repository/org/aspectj/aspectjweaver/1.9.6/aspectjweaver-1.9.6.jar' 
2022-03-12 13:24:18.096 DEBUG [acme.Launcher@main] Found classpath entry '/C:/Users/multi/.m2/repository/org/springframework/boot/spring-boot-starter-jdbc/2.4.2/spring-boot-starter-jdbc-2.4.2.jar' 
2022-03-12 13:24:18.097 DEBUG [acme.Launcher@main] Found classpath entry '/C:/Users/multi/.m2/repository/jakarta/transaction/jakarta.transaction-api/1.3.3/jakarta.transaction-api-1.3.3.jar' 
2022-03-12 13:24:18.097 DEBUG [acme.Launcher@main] Found classpath entry '/C:/Users/multi/.m2/repository/jakarta/persistence/jakarta.persistence-api/2.2.3/jakarta.persistence-api-2.2.3.jar' 
2022-03-12 13:24:18.098 DEBUG [acme.Launcher@main] Found classpath entry '/C:/Users/multi/.m2/repository/org/hibernate/hibernate-core/5.4.27.Final/hibernate-core-5.4.27.Final.jar' 
2022-03-12 13:24:18.098 DEBUG [acme.Launcher@main] Found classpath entry '/C:/Users/multi/.m2/repository/org/jboss/logging/jboss-logging/3.4.1.Final/jboss-logging-3.4.1.Final.jar' 
2022-03-12 13:24:18.098 DEBUG [acme.Launcher@main] Found classpath entry '/C:/Users/multi/.m2/repository/org/javassist/javassist/3.27.0-GA/javassist-3.27.0-GA.jar' 
2022-03-12 13:24:18.098 DEBUG [acme.Launcher@main] Found classpath entry '/C:/Users/multi/.m2/repository/antlr/antlr/2.7.7/antlr-2.7.7.jar' 
2022-03-12 13:24:18.099 DEBUG [acme.Launcher@main] Found classpath entry '/C:/Users/multi/.m2/repository/org/jboss/jandex/2.1.3.Final/jandex-2.1.3.Final.jar' 
2022-03-12 13:24:18.099 DEBUG [acme.Launcher@main] Found classpath entry '/C:/Users/multi/.m2/repository/com/fasterxml/classmate/1.5.1/classmate-1.5.1.jar' 
2022-03-12 13:24:18.099 DEBUG [acme.Launcher@main] Found classpath entry '/C:/Users/multi/.m2/repository/org/dom4j/dom4j/2.1.3/dom4j-2.1.3.jar' 
2022-03-12 13:24:18.100 DEBUG [acme.Launcher@main] Found classpath entry '/C:/Users/multi/.m2/repository/org/hibernate/common/hibernate-commons-annotations/5.1.2.Final/hibernate-commons-annotations-5.1.2.Final.jar' 
2022-03-12 13:24:18.100 DEBUG [acme.Launcher@main] Found classpath entry '/C:/Users/multi/.m2/repository/org/glassfish/jaxb/jaxb-runtime/2.3.3/jaxb-runtime-2.3.3.jar' 
2022-03-12 13:24:18.100 DEBUG [acme.Launcher@main] Found classpath entry '/C:/Users/multi/.m2/repository/org/glassfish/jaxb/txw2/2.3.3/txw2-2.3.3.jar' 
2022-03-12 13:24:18.101 DEBUG [acme.Launcher@main] Found classpath entry '/C:/Users/multi/.m2/repository/com/sun/istack/istack-commons-runtime/3.0.11/istack-commons-runtime-3.0.11.jar' 
2022-03-12 13:24:18.102 DEBUG [acme.Launcher@main] Found classpath entry '/C:/Users/multi/.m2/repository/com/sun/activation/jakarta.activation/1.2.2/jakarta.activation-1.2.2.jar' 
2022-03-12 13:24:18.102 DEBUG [acme.Launcher@main] Found classpath entry '/C:/Users/multi/.m2/repository/org/springframework/data/spring-data-jpa/2.4.3/spring-data-jpa-2.4.3.jar' 
2022-03-12 13:24:18.102 DEBUG [acme.Launcher@main] Found classpath entry '/C:/Users/multi/.m2/repository/org/springframework/data/spring-data-commons/2.4.3/spring-data-commons-2.4.3.jar' 
2022-03-12 13:24:18.103 DEBUG [acme.Launcher@main] Found classpath entry '/C:/Users/multi/.m2/repository/org/springframework/spring-orm/5.3.3/spring-orm-5.3.3.jar' 
2022-03-12 13:24:18.103 DEBUG [acme.Launcher@main] Found classpath entry '/C:/Users/multi/.m2/repository/org/springframework/spring-aspects/5.3.3/spring-aspects-5.3.3.jar' 
2022-03-12 13:24:18.103 DEBUG [acme.Launcher@main] Found classpath entry '/C:/Users/multi/.m2/repository/org/springframework/boot/spring-boot-starter-validation/2.4.2/spring-boot-starter-validation-2.4.2.jar' 
2022-03-12 13:24:18.103 DEBUG [acme.Launcher@main] Found classpath entry '/C:/Users/multi/.m2/repository/org/hibernate/validator/hibernate-validator/6.1.7.Final/hibernate-validator-6.1.7.Final.jar' 
2022-03-12 13:24:18.104 DEBUG [acme.Launcher@main] Found classpath entry '/C:/Users/multi/.m2/repository/jakarta/validation/jakarta.validation-api/2.0.2/jakarta.validation-api-2.0.2.jar' 
2022-03-12 13:24:18.104 DEBUG [acme.Launcher@main] Found classpath entry '/C:/Users/multi/.m2/repository/mysql/mysql-connector-java/8.0.22/mysql-connector-java-8.0.22.jar' 
2022-03-12 13:24:18.104 DEBUG [acme.Launcher@main] Found classpath entry '/C:/Users/multi/.m2/repository/com/zaxxer/HikariCP/3.4.5/HikariCP-3.4.5.jar' 
2022-03-12 13:24:18.106 DEBUG [acme.Launcher@main] Found classpath entry '/C:/Users/multi/.m2/repository/org/junit/jupiter/junit-jupiter-engine/5.7.0/junit-jupiter-engine-5.7.0.jar' 
2022-03-12 13:24:18.106 DEBUG [acme.Launcher@main] Found classpath entry '/C:/Users/multi/.m2/repository/org/apiguardian/apiguardian-api/1.1.0/apiguardian-api-1.1.0.jar' 
2022-03-12 13:24:18.106 DEBUG [acme.Launcher@main] Found classpath entry '/C:/Users/multi/.m2/repository/org/junit/platform/junit-platform-engine/1.7.0/junit-platform-engine-1.7.0.jar' 
2022-03-12 13:24:18.107 DEBUG [acme.Launcher@main] Found classpath entry '/C:/Users/multi/.m2/repository/org/junit/jupiter/junit-jupiter-api/5.7.0/junit-jupiter-api-5.7.0.jar' 
2022-03-12 13:24:18.107 DEBUG [acme.Launcher@main] Found classpath entry '/C:/Users/multi/.m2/repository/org/opentest4j/opentest4j/1.2.0/opentest4j-1.2.0.jar' 
2022-03-12 13:24:18.107 DEBUG [acme.Launcher@main] Found classpath entry '/C:/Users/multi/.m2/repository/org/junit/platform/junit-platform-commons/1.7.0/junit-platform-commons-1.7.0.jar' 
2022-03-12 13:24:18.107 DEBUG [acme.Launcher@main] Found classpath entry '/C:/Users/multi/.m2/repository/org/junit/jupiter/junit-jupiter-params/5.7.0/junit-jupiter-params-5.7.0.jar' 
2022-03-12 13:24:18.110 DEBUG [acme.Launcher@main] Found classpath entry '/C:/Users/multi/.m2/repository/org/junit/platform/junit-platform-launcher/1.7.0/junit-platform-launcher-1.7.0.jar' 
2022-03-12 13:24:18.116 DEBUG [acme.Launcher@main] Found classpath entry '/C:/Users/multi/.m2/repository/org/seleniumhq/selenium/selenium-java/3.141.59/selenium-java-3.141.59.jar' 
2022-03-12 13:24:18.116 DEBUG [acme.Launcher@main] Found classpath entry '/C:/Users/multi/.m2/repository/org/seleniumhq/selenium/selenium-api/3.141.59/selenium-api-3.141.59.jar' 
2022-03-12 13:24:18.116 DEBUG [acme.Launcher@main] Found classpath entry '/C:/Users/multi/.m2/repository/org/seleniumhq/selenium/selenium-chrome-driver/3.141.59/selenium-chrome-driver-3.141.59.jar' 
2022-03-12 13:24:18.117 DEBUG [acme.Launcher@main] Found classpath entry '/C:/Users/multi/.m2/repository/org/seleniumhq/selenium/selenium-edge-driver/3.141.59/selenium-edge-driver-3.141.59.jar' 
2022-03-12 13:24:18.117 DEBUG [acme.Launcher@main] Found classpath entry '/C:/Users/multi/.m2/repository/org/seleniumhq/selenium/selenium-firefox-driver/3.141.59/selenium-firefox-driver-3.141.59.jar' 
2022-03-12 13:24:18.118 DEBUG [acme.Launcher@main] Found classpath entry '/C:/Users/multi/.m2/repository/org/seleniumhq/selenium/selenium-ie-driver/3.141.59/selenium-ie-driver-3.141.59.jar' 
2022-03-12 13:24:18.118 DEBUG [acme.Launcher@main] Found classpath entry '/C:/Users/multi/.m2/repository/org/seleniumhq/selenium/selenium-opera-driver/3.141.59/selenium-opera-driver-3.141.59.jar' 
2022-03-12 13:24:18.118 DEBUG [acme.Launcher@main] Found classpath entry '/C:/Users/multi/.m2/repository/org/seleniumhq/selenium/selenium-remote-driver/3.141.59/selenium-remote-driver-3.141.59.jar' 
2022-03-12 13:24:18.118 DEBUG [acme.Launcher@main] Found classpath entry '/C:/Users/multi/.m2/repository/org/seleniumhq/selenium/selenium-safari-driver/3.141.59/selenium-safari-driver-3.141.59.jar' 
2022-03-12 13:24:18.119 DEBUG [acme.Launcher@main] Found classpath entry '/C:/Users/multi/.m2/repository/org/seleniumhq/selenium/selenium-support/3.141.59/selenium-support-3.141.59.jar' 
2022-03-12 13:24:18.120 DEBUG [acme.Launcher@main] Found classpath entry '/C:/Users/multi/.m2/repository/net/bytebuddy/byte-buddy/1.10.19/byte-buddy-1.10.19.jar' 
2022-03-12 13:24:18.120 DEBUG [acme.Launcher@main] Found classpath entry '/C:/Users/multi/.m2/repository/org/apache/commons/commons-exec/1.3/commons-exec-1.3.jar' 
2022-03-12 13:24:18.120 DEBUG [acme.Launcher@main] Found classpath entry '/C:/Users/multi/.m2/repository/com/google/guava/guava/25.0-jre/guava-25.0-jre.jar' 
2022-03-12 13:24:18.120 DEBUG [acme.Launcher@main] Found classpath entry '/C:/Users/multi/.m2/repository/com/google/code/findbugs/jsr305/1.3.9/jsr305-1.3.9.jar' 
2022-03-12 13:24:18.120 DEBUG [acme.Launcher@main] Found classpath entry '/C:/Users/multi/.m2/repository/org/checkerframework/checker-compat-qual/2.0.0/checker-compat-qual-2.0.0.jar' 
2022-03-12 13:24:18.121 DEBUG [acme.Launcher@main] Found classpath entry '/C:/Users/multi/.m2/repository/com/google/errorprone/error_prone_annotations/2.1.3/error_prone_annotations-2.1.3.jar' 
2022-03-12 13:24:18.121 DEBUG [acme.Launcher@main] Found classpath entry '/C:/Users/multi/.m2/repository/com/google/j2objc/j2objc-annotations/1.1/j2objc-annotations-1.1.jar' 
2022-03-12 13:24:18.121 DEBUG [acme.Launcher@main] Found classpath entry '/C:/Users/multi/.m2/repository/org/codehaus/mojo/animal-sniffer-annotations/1.14/animal-sniffer-annotations-1.14.jar' 
2022-03-12 13:24:18.121 DEBUG [acme.Launcher@main] Found classpath entry '/C:/Users/multi/.m2/repository/com/squareup/okhttp3/okhttp/3.14.9/okhttp-3.14.9.jar' 
2022-03-12 13:24:18.122 DEBUG [acme.Launcher@main] Found classpath entry '/C:/Users/multi/.m2/repository/com/squareup/okio/okio/1.14.0/okio-1.14.0.jar' 
2022-03-12 13:24:18.122 DEBUG [acme.Launcher@main] Found classpath entry '/C:/Users/multi/.m2/repository/org/apache/commons/commons-lang3/3.11/commons-lang3-3.11.jar' 
2022-03-12 13:24:18.122 DEBUG [acme.Launcher@main] Found classpath entry '/C:/Users/multi/.m2/repository/org/apache/commons/commons-text/1.8/commons-text-1.8.jar' 
2022-03-12 13:24:18.122 DEBUG [acme.Launcher@main] Found classpath entry '/C:/Users/multi/.m2/repository/commons-io/commons-io/2.6/commons-io-2.6.jar' 
2022-03-12 13:24:18.122 DEBUG [acme.Launcher@main] Found classpath entry '/C:/Users/multi/.m2/repository/commons-cli/commons-cli/1.4/commons-cli-1.4.jar' 
2022-03-12 13:24:18.123 DEBUG [acme.Launcher@main] Found classpath entry '/C:/Users/multi/.m2/repository/org/projectlombok/lombok/1.18.16/lombok-1.18.16.jar' 
2022-03-12 13:24:18.123 DEBUG [acme.Launcher@main] Found classpath entry '/C:/Users/multi/.m2/repository/com/opencsv/opencsv/5.4/opencsv-5.4.jar' 
2022-03-12 13:24:18.123 DEBUG [acme.Launcher@main] Found classpath entry '/C:/Users/multi/.m2/repository/commons-beanutils/commons-beanutils/1.9.4/commons-beanutils-1.9.4.jar' 
2022-03-12 13:24:18.123 DEBUG [acme.Launcher@main] Found classpath entry '/C:/Users/multi/.m2/repository/commons-logging/commons-logging/1.2/commons-logging-1.2.jar' 
2022-03-12 13:24:18.123 DEBUG [acme.Launcher@main] Found classpath entry '/C:/Users/multi/.m2/repository/commons-collections/commons-collections/3.2.2/commons-collections-3.2.2.jar' 
2022-03-12 13:24:18.124 DEBUG [acme.Launcher@main] Found classpath entry '/C:/Users/multi/.m2/repository/org/apache/commons/commons-collections4/4.4/commons-collections4-4.4.jar' 
2022-03-12 13:24:18.124 DEBUG [acme.Launcher@main] Found classpath entry '/C:/Users/multi/OneDrive/Desktop/Workspace-22.0/Frameworks/Acme-Framework-22.1/target/classes/' 
2022-03-12 13:24:18.124 DEBUG [acme.Launcher@main] Found classpath entry '/C:/Users/multi/OneDrive/Desktop/Workspace-22.0/Frameworks/Acme-Framework-22.1/target/test-classes/' 
2022-03-12 13:24:18.125 DEBUG [acme.Launcher@main] Found classpath entry '/C:/Users/multi/OneDrive/Desktop/Workspace-22.0/Tools/IDEs/eclipse-jee-2021-12-R/configuration/org.eclipse.osgi/418/0/.cp/lib/javaagent-shaded.jar' 
2022-03-12 13:24:18.312 DEBUG [acme.Launcher@main] Found entity class 'acme.roles.Consumer 
2022-03-12 13:24:18.313 DEBUG [acme.Launcher@main] Found entity class 'acme.roles.Inventor 
2022-03-12 13:24:18.313 DEBUG [acme.Launcher@main] Found entity class 'acme.roles.Provider 
2022-03-12 13:24:18.313 DEBUG [acme.Launcher@main] Found entity class 'acme.framework.entities.UserAccount 
2022-03-12 13:24:18.314 DEBUG [acme.Launcher@main] Found entity class 'acme.framework.roles.Administrator 
2022-03-12 13:24:18.314 DEBUG [acme.Launcher@main] Found entity class 'acme.framework.roles.Anonymous 
2022-03-12 13:24:18.314 DEBUG [acme.Launcher@main] Found entity class 'acme.framework.roles.Authenticated 
2022-03-12 13:24:18.323 INFO  [acme.Launcher@main] Populating (initial data) 
2022-03-12 13:24:18.325 INFO  [acme.framework.components.database.DatabasePopulator@main] Building database schema 
2022-03-12 13:24:18.383 DEBUG [acme.framework.components.database.DatabaseUtil@main] Executing script. 
2022-03-12 13:24:18.383 DEBUG [acme.framework.components.database.DatabaseUtil@main] Starting new transaction. 
2022-03-12 13:24:18.398 DEBUG [acme.framework.components.database.DatabaseUtil@main] Executing command 'set transaction isolation level read uncommitted;'. 
2022-03-12 13:24:18.422 DEBUG [acme.framework.components.database.DatabaseUtil@main] Starting transaction '318321607'. 
2022-03-12 13:24:18.422 DEBUG [acme.framework.components.database.DatabaseUtil@main] Executing script command 'set foreign_key_checks=0'. 
2022-03-12 13:24:18.423 DEBUG [acme.framework.components.database.DatabaseUtil@main] Executing script command 'drop table if exists administrator'. 
2022-03-12 13:24:18.440 DEBUG [acme.framework.components.database.DatabaseUtil@main] Executing script command 'drop table if exists anonymous'. 
2022-03-12 13:24:18.455 DEBUG [acme.framework.components.database.DatabaseUtil@main] Executing script command 'drop table if exists authenticated'. 
2022-03-12 13:24:18.483 DEBUG [acme.framework.components.database.DatabaseUtil@main] Executing script command 'drop table if exists consumer'. 
2022-03-12 13:24:18.504 DEBUG [acme.framework.components.database.DatabaseUtil@main] Executing script command 'drop table if exists hibernate_sequence'. 
2022-03-12 13:24:18.529 DEBUG [acme.framework.components.database.DatabaseUtil@main] Executing script command 'drop table if exists inventor'. 
2022-03-12 13:24:18.546 DEBUG [acme.framework.components.database.DatabaseUtil@main] Executing script command 'drop table if exists provider'. 
2022-03-12 13:24:18.562 DEBUG [acme.framework.components.database.DatabaseUtil@main] Executing script command 'drop table if exists user_account'. 
2022-03-12 13:24:18.577 DEBUG [acme.framework.components.database.DatabaseUtil@main] Executing script command 'set foreign_key_checks=1'. 
2022-03-12 13:24:18.578 DEBUG [acme.framework.components.database.DatabaseUtil@main] Committing transaction '318321607'. 
2022-03-12 13:24:18.596 DEBUG [acme.framework.components.database.DatabaseUtil@main] Executing script. 
2022-03-12 13:24:18.596 DEBUG [acme.framework.components.database.DatabaseUtil@main] Starting new transaction. 
2022-03-12 13:24:18.597 DEBUG [acme.framework.components.database.DatabaseUtil@main] Executing command 'set transaction isolation level read uncommitted;'. 
2022-03-12 13:24:18.598 DEBUG [acme.framework.components.database.DatabaseUtil@main] Starting transaction '1795102078'. 
2022-03-12 13:24:18.598 DEBUG [acme.framework.components.database.DatabaseUtil@main] Executing script command 'set foreign_key_checks=0'. 
2022-03-12 13:24:18.598 DEBUG [acme.framework.components.database.DatabaseUtil@main] Executing script command 'create table administrator (id integer not null, version integer not null, user_account_id integer, primary key (id)) engine=InnoDB'. 
2022-03-12 13:24:18.617 DEBUG [acme.framework.components.database.DatabaseUtil@main] Executing script command 'create table anonymous (id integer not null, version integer not null, user_account_id integer, primary key (id)) engine=InnoDB'. 
2022-03-12 13:24:18.640 DEBUG [acme.framework.components.database.DatabaseUtil@main] Executing script command 'create table authenticated (id integer not null, version integer not null, user_account_id integer, primary key (id)) engine=InnoDB'. 
2022-03-12 13:24:18.665 DEBUG [acme.framework.components.database.DatabaseUtil@main] Executing script command 'create table consumer (id integer not null, version integer not null, user_account_id integer, company varchar(255), sector varchar(255), primary key (id)) engine=InnoDB'. 
2022-03-12 13:24:18.683 DEBUG [acme.framework.components.database.DatabaseUtil@main] Executing script command 'create table hibernate_sequence (next_val bigint) engine=InnoDB'. 
2022-03-12 13:24:18.705 DEBUG [acme.framework.components.database.DatabaseUtil@main] Executing script command 'insert into hibernate_sequence values ( 1 )'. 
2022-03-12 13:24:18.709 DEBUG [acme.framework.components.database.DatabaseUtil@main] Executing script command 'create table inventor (id integer not null, version integer not null, user_account_id integer, company varchar(255), sector varchar(255), primary key (id)) engine=InnoDB'. 
2022-03-12 13:24:18.731 DEBUG [acme.framework.components.database.DatabaseUtil@main] Executing script command 'create table provider (id integer not null, version integer not null, user_account_id integer, company varchar(255), sector varchar(255), primary key (id)) engine=InnoDB'. 
2022-03-12 13:24:18.752 DEBUG [acme.framework.components.database.DatabaseUtil@main] Executing script command 'create table user_account (id integer not null, version integer not null, enabled bit not null, identity blob, password varchar(255), username varchar(255), primary key (id)) engine=InnoDB'. 
2022-03-12 13:24:18.771 DEBUG [acme.framework.components.database.DatabaseUtil@main] Executing script command 'alter table user_account add constraint UK_castjbvpeeus0r8lbpehiu0e4 unique (username)'. 
2022-03-12 13:24:18.800 DEBUG [acme.framework.components.database.DatabaseUtil@main] Executing script command 'alter table administrator add constraint FK_2a5vcjo3stlfcwadosjfq49l1 foreign key (user_account_id) references user_account (id)'. 
2022-03-12 13:24:18.827 DEBUG [acme.framework.components.database.DatabaseUtil@main] Executing script command 'alter table anonymous add constraint FK_6lnbc6fo3om54vugoh8icg78m foreign key (user_account_id) references user_account (id)'. 
2022-03-12 13:24:18.853 DEBUG [acme.framework.components.database.DatabaseUtil@main] Executing script command 'alter table authenticated add constraint FK_h52w0f3wjoi68b63wv9vwon57 foreign key (user_account_id) references user_account (id)'. 
2022-03-12 13:24:18.880 DEBUG [acme.framework.components.database.DatabaseUtil@main] Executing script command 'alter table consumer add constraint FK_6cyha9f1wpj0dpbxrrjddrqed foreign key (user_account_id) references user_account (id)'. 
2022-03-12 13:24:18.907 DEBUG [acme.framework.components.database.DatabaseUtil@main] Executing script command 'alter table inventor add constraint FK_2upmsx50p5pou2l4uy8trxor6 foreign key (user_account_id) references user_account (id)'. 
2022-03-12 13:24:18.934 DEBUG [acme.framework.components.database.DatabaseUtil@main] Executing script command 'alter table provider add constraint FK_b1gwnjqm6ggy9yuiqm0o4rlmd foreign key (user_account_id) references user_account (id)'. 
2022-03-12 13:24:18.959 DEBUG [acme.framework.components.database.DatabaseUtil@main] Executing script command 'set foreign_key_checks=1'. 
2022-03-12 13:24:18.959 DEBUG [acme.framework.components.database.DatabaseUtil@main] Committing transaction '1795102078'. 
2022-03-12 13:24:18.963 INFO  [acme.framework.components.database.DatabasePopulator@main] Reading entities from 'classpath:/WEB-INF/resources/initial-data' 
2022-03-12 13:24:18.973 DEBUG [acme.framework.components.database.Dataset@main] Reading dataset from 'C:\Users\multi\OneDrive\Desktop\Workspace-22.0\Projects\Acme-Toolkits\target\classes\WEB-INF\resources\initial-data\administrator.csv' 
2022-03-12 13:24:19.164 DEBUG [acme.framework.components.database.Dataset@main] Reading mapping '{key:user-account=user-account-administrator-01, key=administrator-01}' from 'C:\Users\multi\OneDrive\Desktop\Workspace-22.0\Projects\Acme-Toolkits\target\classes\WEB-INF\resources\initial-data\administrator.csv' 
2022-03-12 13:24:19.168 DEBUG [acme.framework.components.database.Dataset@main] Reading dataset from 'C:\Users\multi\OneDrive\Desktop\Workspace-22.0\Projects\Acme-Toolkits\target\classes\WEB-INF\resources\initial-data\anonymous.csv' 
2022-03-12 13:24:19.168 DEBUG [acme.framework.components.database.Dataset@main] Reading mapping '{key:user-account=user-account-anonymous-01, key=anonymous-01}' from 'C:\Users\multi\OneDrive\Desktop\Workspace-22.0\Projects\Acme-Toolkits\target\classes\WEB-INF\resources\initial-data\anonymous.csv' 
2022-03-12 13:24:19.169 DEBUG [acme.framework.components.database.Dataset@main] Reading dataset from 'C:\Users\multi\OneDrive\Desktop\Workspace-22.0\Projects\Acme-Toolkits\target\classes\WEB-INF\resources\initial-data\authenticated.csv' 
2022-03-12 13:24:19.170 DEBUG [acme.framework.components.database.Dataset@main] Reading mapping '{key:user-account=user-account-administrator-01, key=authenticated-administrator-01}' from 'C:\Users\multi\OneDrive\Desktop\Workspace-22.0\Projects\Acme-Toolkits\target\classes\WEB-INF\resources\initial-data\authenticated.csv' 
2022-03-12 13:24:19.171 DEBUG [acme.framework.components.database.Dataset@main] Reading dataset from 'C:\Users\multi\OneDrive\Desktop\Workspace-22.0\Projects\Acme-Toolkits\target\classes\WEB-INF\resources\initial-data\inventor.csv' 
2022-03-12 13:24:19.172 DEBUG [acme.framework.components.database.Dataset@main] Reading mapping '{key:user-account=user-account-inventor-01, key=inventor}' from 'C:\Users\multi\OneDrive\Desktop\Workspace-22.0\Projects\Acme-Toolkits\target\classes\WEB-INF\resources\initial-data\inventor.csv' 
2022-03-12 13:24:19.172 DEBUG [acme.framework.components.database.Dataset@main] Reading dataset from 'C:\Users\multi\OneDrive\Desktop\Workspace-22.0\Projects\Acme-Toolkits\target\classes\WEB-INF\resources\initial-data\user-account.csv' 
2022-03-12 13:24:19.173 DEBUG [acme.framework.components.database.Dataset@main] Reading mapping '{password=HIDDEN-PASSWORD, identity=UserIdentity{name: 'John', surname: 'Doe', email: 'john.doe@acme.com'}, key=user-account-anonymous-01, enabled=false, username=anonymous}' from 'C:\Users\multi\OneDrive\Desktop\Workspace-22.0\Projects\Acme-Toolkits\target\classes\WEB-INF\resources\initial-data\user-account.csv' 
2022-03-12 13:24:19.174 DEBUG [acme.framework.components.database.Dataset@main] Reading mapping '{password=123456, identity=UserIdentity{name: 'Administ1rator', surname: 'Acme1', email: 'administrator@acme.c1om'}, key=user-account-inventor-01, enabled=true, username=inventor}' from 'C:\Users\multi\OneDrive\Desktop\Workspace-22.0\Projects\Acme-Toolkits\target\classes\WEB-INF\resources\initial-data\user-account.csv' 
2022-03-12 13:24:19.174 DEBUG [acme.framework.components.database.Dataset@main] Reading mapping '{password=administrator, identity=UserIdentity{name: 'Administrator', surname: 'Acme', email: 'administrator1@acme.com'}, key=user-account-administrator-01, enabled=true, username=administrator}' from 'C:\Users\multi\OneDrive\Desktop\Workspace-22.0\Projects\Acme-Toolkits\target\classes\WEB-INF\resources\initial-data\user-account.csv' 
2022-03-12 13:24:19.174 DEBUG [acme.framework.components.database.EntityWeb@main] Setting attributes of entities of class acme.framework.roles.Anonymous 
2022-03-12 13:24:19.175 DEBUG [acme.framework.components.database.EntityWeb@main] Setting attributes of entities of class acme.framework.entities.UserAccount 
2022-03-12 13:24:19.464 DEBUG [acme.framework.components.database.EntityWeb@main] Setting attributes of entities of class acme.framework.roles.Administrator 
2022-03-12 13:24:19.465 DEBUG [acme.framework.components.database.EntityWeb@main] Setting attributes of entities of class acme.roles.Inventor 
2022-03-12 13:24:19.465 DEBUG [acme.framework.components.database.EntityWeb@main] Setting attributes of entities of class acme.framework.roles.Authenticated 
2022-03-12 13:24:19.465 DEBUG [acme.framework.components.database.EntityWeb@main] Linking entities of class acme.framework.roles.Anonymous 
2022-03-12 13:24:19.472 DEBUG [acme.framework.components.database.EntityWeb@main] Linking entities of class acme.framework.entities.UserAccount 
2022-03-12 13:24:19.473 DEBUG [acme.framework.components.database.EntityWeb@main] Linking entities of class acme.framework.roles.Administrator 
2022-03-12 13:24:19.479 DEBUG [acme.framework.components.database.EntityWeb@main] Linking entities of class acme.roles.Inventor 
2022-03-12 13:24:19.489 DEBUG [acme.framework.components.database.EntityWeb@main] Linking entities of class acme.framework.roles.Authenticated 
2022-03-12 13:24:19.495 INFO  [acme.framework.components.database.DatabasePopulator@main] Validating your entities 
2022-03-12 13:24:19.605 DEBUG [acme.framework.components.database.DatabasePopulator@main] Validating 'acme.framework.entities.UserAccount@user-account-anonymous-01' ... PASS 
2022-03-12 13:24:19.618 DEBUG [acme.framework.components.database.DatabasePopulator@main] Validating 'acme.framework.roles.Anonymous@anonymous-01' ... PASS 
2022-03-12 13:24:19.621 DEBUG [acme.framework.components.database.DatabasePopulator@main] Validating 'acme.framework.entities.UserAccount@user-account-administrator-01' ... PASS 
2022-03-12 13:24:19.622 DEBUG [acme.framework.components.database.DatabasePopulator@main] Validating 'acme.framework.entities.UserAccount@user-account-inventor-01' ... PASS 
2022-03-12 13:24:19.659 DEBUG [acme.framework.configuration.ExtendedMessageSource@main] Loading properties [C:\Users\multi\OneDrive\Desktop\Workspace-22.0\Projects\Acme-Toolkits\target\classes\WEB-INF\views\administrator\user-account\messages-en.i18n] with encoding 'utf-8' 
2022-03-12 13:24:19.660 DEBUG [acme.framework.configuration.ExtendedMessageSource@main] Loading properties [C:\Users\multi\OneDrive\Desktop\Workspace-22.0\Projects\Acme-Toolkits\target\classes\WEB-INF\views\anonymous\user-account\messages-en.i18n] with encoding 'utf-8' 
2022-03-12 13:24:19.660 DEBUG [acme.framework.configuration.ExtendedMessageSource@main] Loading properties [C:\Users\multi\OneDrive\Desktop\Workspace-22.0\Projects\Acme-Toolkits\target\classes\WEB-INF\views\authenticated\consumer\messsages-en.i18n] with encoding 'utf-8' 
2022-03-12 13:24:19.662 DEBUG [acme.framework.configuration.ExtendedMessageSource@main] Loading properties [C:\Users\multi\OneDrive\Desktop\Workspace-22.0\Projects\Acme-Toolkits\target\classes\WEB-INF\views\authenticated\provider\messsages-en.i18n] with encoding 'utf-8' 
2022-03-12 13:24:19.662 DEBUG [acme.framework.configuration.ExtendedMessageSource@main] Loading properties [C:\Users\multi\OneDrive\Desktop\Workspace-22.0\Projects\Acme-Toolkits\target\classes\WEB-INF\views\authenticated\user-account\messages-en.i18n] with encoding 'utf-8' 
2022-03-12 13:24:19.664 DEBUG [acme.framework.configuration.ExtendedMessageSource@main] Loading properties [C:\Users\multi\OneDrive\Desktop\Workspace-22.0\Projects\Acme-Toolkits\target\classes\WEB-INF\views\fragments\banner-en.i18n] with encoding 'utf-8' 
2022-03-12 13:24:19.665 DEBUG [acme.framework.configuration.ExtendedMessageSource@main] Loading properties [C:\Users\multi\OneDrive\Desktop\Workspace-22.0\Projects\Acme-Toolkits\target\classes\WEB-INF\views\fragments\company-en.i18n] with encoding 'utf-8' 
2022-03-12 13:24:19.667 DEBUG [acme.framework.configuration.ExtendedMessageSource@main] Loading properties [C:\Users\multi\OneDrive\Desktop\Workspace-22.0\Projects\Acme-Toolkits\target\classes\WEB-INF\views\fragments\footer-en.i18n] with encoding 'utf-8' 
2022-03-12 13:24:19.667 DEBUG [acme.framework.configuration.ExtendedMessageSource@main] Loading properties [C:\Users\multi\OneDrive\Desktop\Workspace-22.0\Projects\Acme-Toolkits\target\classes\WEB-INF\views\fragments\license-en.i18n] with encoding 'utf-8' 
2022-03-12 13:24:19.668 DEBUG [acme.framework.configuration.ExtendedMessageSource@main] Loading properties [C:\Users\multi\OneDrive\Desktop\Workspace-22.0\Projects\Acme-Toolkits\target\classes\WEB-INF\views\fragments\menu-en.i18n] with encoding 'utf-8' 
2022-03-12 13:24:19.670 DEBUG [acme.framework.configuration.ExtendedMessageSource@main] Loading properties [C:\Users\multi\OneDrive\Desktop\Workspace-22.0\Projects\Acme-Toolkits\target\classes\WEB-INF\views\fragments\messsages-en.i18n] with encoding 'utf-8' 
2022-03-12 13:24:19.671 DEBUG [acme.framework.configuration.ExtendedMessageSource@main] Loading properties [C:\Users\multi\OneDrive\Desktop\Workspace-22.0\Projects\Acme-Toolkits\target\classes\WEB-INF\views\fragments\title-en.i18n] with encoding 'utf-8' 
2022-03-12 13:24:19.672 DEBUG [acme.framework.configuration.ExtendedMessageSource@main] Loading properties [C:\Users\multi\OneDrive\Desktop\Workspace-22.0\Projects\Acme-Toolkits\target\classes\WEB-INF\views\fragments\welcome-en.i18n] with encoding 'utf-8' 
2022-03-12 13:24:19.673 DEBUG [acme.framework.configuration.ExtendedMessageSource@main] Loading properties [C:\Users\multi\OneDrive\Desktop\Workspace-22.0\Projects\Acme-Toolkits\target\classes\WEB-INF\views\master\defaults-en.i18n] with encoding 'utf-8' 
2022-03-12 13:24:19.673 DEBUG [acme.framework.configuration.ExtendedMessageSource@main] Loading properties [C:\Users\multi\OneDrive\Desktop\Workspace-22.0\Projects\Acme-Toolkits\target\classes\WEB-INF\views\master\master-en.i18n] with encoding 'utf-8' 
2022-03-12 13:24:19.675 DEBUG [acme.framework.configuration.ExtendedMessageSource@main] Loading properties [C:\Users\multi\OneDrive\Desktop\Workspace-22.0\Projects\Acme-Toolkits\target\classes\WEB-INF\views\master\throwables-en.i18n] with encoding 'utf-8' 
2022-03-12 13:24:19.676 DEBUG [acme.framework.configuration.ExtendedMessageSource@main] Loading properties [C:\Users\multi\OneDrive\Desktop\Workspace-22.0\Projects\Acme-Toolkits\target\classes\WEB-INF\views\master\validation-en.i18n] with encoding 'utf-8' 
2022-03-12 13:24:19.690 ERROR [acme.framework.components.database.DatabasePopulator@main] Validating 'inventor' ... FAILED 
2022-03-12 13:24:19.690 ERROR [acme.framework.components.database.DatabasePopulator@main] Errors on entity acme.roles.Inventor@inventor: 'company' - Must not be blank; 'sector' - Must not be blank 
2022-03-12 13:24:19.696 ERROR [acme.Launcher@main] acme.framework.components.database.DatabasePopulator.validate(DatabasePopulator.java:210): Errors on entity acme.roles.Inventor@inventor: 'company' - Must not be blank; 'sector' - Must not be blank 
2022-03-12 13:24:19.696 INFO  [acme.Launcher@main] The application log provides additional debugging messages! 
2022-03-12 13:24:20.877 INFO  [acme.framework.configuration.ShutdownConfiguration@main] The system is shutting down... 
2022-03-12 13:24:20.899 DEBUG [acme.Launcher@main] Exit code = 0 
